<?xml version="1.0" encoding="UTF-8"?>
<testsuite xmlns:xsi="http://www.w3.org/2001/XMLSchema-instance" xsi:noNamespaceSchemaLocation="https://maven.apache.org/surefire/maven-failsafe-plugin/xsd/failsafe-test-report-3.0.xsd" version="3.0" name="CucumberTestSuite" time="42.077" tests="5" errors="0" skipped="0" failures="0">
  <properties>
[...]
</properties>
  <testcase name="Login with locked account" classname="Login" time="9.058">
    <system-out><![CDATA[22:31:27.034 [main] INFO io.cucumber.core.plugin.SerenityReporter - Running feature from file:///D:/qe_moch_yusuf_efendi/21_Review%20Web%20UI%20Testing%20with%20Serenity/praktikum/web-ui/src/test/resources/features/login.feature
22:31:27.164 [main] INFO  - 

-------------------------------------------------------------------------------------
     _______. _______ .______       _______ .__   __.  __  .___________.____    ____ 
    /       ||   ____||   _  \     |   ____||  \ |  | |  | |           |\   \  /   / 
   |   (----`|  |__   |  |_)  |    |  |__   |   \|  | |  | `---|  |----` \   \/   /  
    \   \    |   __|  |      /     |   __|  |  . `  | |  |     |  |       \_    _/   
.----)   |   |  |____ |  |\  \----.|  |____ |  |\   | |  |     |  |         |  |     
|_______/    |_______|| _| `._____||_______||__| \__| |__|     |__|         |__|    
                                                                                     
 News and tutorials at http://www.serenity-bdd.info                                  
 Documentation at https://wakaleo.gitbooks.io/the-serenity-book/content/             
 Join the Serenity Community on Gitter: https://gitter.im/serenity-bdd/serenity-core 
 Serenity BDD Support and Training at http://serenity-bdd.info/#/trainingandsupport  
-------------------------------------------------------------------------------------

22:31:27.166 [main] DEBUG net.thucydides.core.steps.StepEventBus - Test suite started for story net.thucydides.core.model.Story@f388ff28
22:31:27.170 [main] INFO  - Test Suite Started: Login
22:31:27.180 [main] INFO io.cucumber.core.plugin.SerenityReporter - Running feature from file:///D:/qe_moch_yusuf_efendi/21_Review%20Web%20UI%20Testing%20with%20Serenity/praktikum/web-ui/src/test/resources/features/login.feature
22:31:27.183 [main] DEBUG net.thucydides.core.steps.StepEventBus - Test suite started for story net.thucydides.core.model.Story@f388ff28
22:31:27.183 [main] INFO  - Test Suite Started: Login

Scenario: Login with locked account &amp#27;[90m# src/test/resources/features/login.feature:6&amp#27;[0m
22:31:27.264 [main] INFO io.cucumber.core.plugin.SerenityReporter - Running feature from file:///D:/qe_moch_yusuf_efendi/21_Review%20Web%20UI%20Testing%20with%20Serenity/praktikum/web-ui/src/test/resources/features/login.feature
22:31:27.343 [main] INFO  - 
  _____   ___   ___   _____     ___   _____     _     ___   _____   ___   ___  
 |_   _| | __| / __| |_   _|   / __| |_   _|   /_\   | _ \ |_   _| | __| |   \ 
   | |   | _|  \__ \   | |     \__ \   | |    / _ \  |   /   | |   | _|  | |) |
   |_|   |___| |___/   |_|     |___/   |_|   /_/ \_\ |_|_\   |_|   |___| |___/ 

Login with locked account(login;login-with-locked-account)
--------------------------------------------------------------------------------
22:31:27.939 [main] INFO net.serenitybdd.core.webdriver.driverproviders.ChromeDriverProvider - Using automatically driver download
22:31:28.490 [main] DEBUG io.github.bonigarcia.wdm.cache.ResolutionCache - Resolution chrome=106 in cache (valid until 23:11:12 13/10/2022 WIB)
22:31:28.495 [main] DEBUG io.github.bonigarcia.wdm.cache.ResolutionCache - Resolution chrome106=106.0.5249.61 in cache (valid until 19:49:28 14/10/2022 WIB)
22:31:28.498 [main] INFO io.github.bonigarcia.wdm.WebDriverManager - Using chromedriver 106.0.5249.61 (resolved driver for Chrome 106)
22:31:28.515 [main] DEBUG io.github.bonigarcia.wdm.WebDriverManager - Driver chromedriver 106.0.5249.61 found in cache
22:31:28.516 [main] INFO io.github.bonigarcia.wdm.WebDriverManager - Exporting webdriver.chrome.driver as C:\Users\Yusuf Efendi\.cache\selenium\chromedriver\win32\106.0.5249.61\chromedriver.exe
22:31:29.043 [main] DEBUG net.thucydides.core.reflection.ClassFinder - Could not load class .CucumberTestSuite
22:31:29.043 [main] DEBUG net.thucydides.core.reflection.ClassFinder - Could not load class .starter.pages.LoginPage
22:31:29.043 [main] DEBUG net.thucydides.core.reflection.ClassFinder - Could not load class .starter.stepdefinitions.LoginStep
22:31:29.043 [main] DEBUG net.thucydides.core.reflection.ClassFinder - Could not load class META-INF.versions.9.com.sun.istack.logging.StackHelper
22:31:29.044 [main] DEBUG net.thucydides.core.reflection.ClassFinder - Could not load class META-INF.versions.9.com.sun.xml.bind.v2.runtime.reflect.opt.AccessorInjector
22:31:29.044 [main] DEBUG net.thucydides.core.reflection.ClassFinder - Could not load class META-INF.versions.9.com.sun.xml.bind.v2.runtime.reflect.opt.Injector
22:31:29.044 [main] DEBUG net.thucydides.core.reflection.ClassFinder - Could not load class META-INF.versions.9.com.sun.xml.bind.v2.runtime.reflect.opt.OptimizedAccessorFactory
22:31:29.044 [main] DEBUG net.thucydides.core.reflection.ClassFinder - Could not load class META-INF.versions.9.com.sun.xml.bind.v2.runtime.reflect.opt.OptimizedTransducedAccessorFactory
22:31:29.045 [main] DEBUG net.thucydides.core.reflection.ClassFinder - Could not load class META-INF.versions.9.io.opentelemetry.sdk.internal.CurrentJavaVersionSpecific
22:31:29.045 [main] DEBUG net.thucydides.core.reflection.ClassFinder - Could not load class META-INF.versions.9.io.opentelemetry.sdk.internal.Java9VersionSpecific
22:31:29.045 [main] DEBUG net.thucydides.core.reflection.ClassFinder - Could not load class META-INF.versions.9.javax.xml.bind.ModuleUtil
22:31:29.045 [main] DEBUG net.thucydides.core.reflection.ClassFinder - Could not load class META-INF.versions.9.module-info
22:31:29.046 [main] DEBUG net.thucydides.core.reflection.ClassFinder - Could not load class META-INF.versions.9.org.junit.platform.commons.util.ModuleUtils
22:31:29.282 [main] DEBUG net.thucydides.core.reflection.ClassFinder - Could not load class com.google.gson.internal.
22:31:29.390 [main] DEBUG net.thucydides.core.reflection.ClassFinder - Could not load class com.sun.xml.bind.v2.runtime.output.FastInfosetStreamWriterOutput
22:31:29.698 [main] DEBUG net.thucydides.core.reflection.ClassFinder - Could not load class module-info
22:31:31.627 [main] DEBUG io.netty.util.internal.logging.InternalLoggerFactory - Using SLF4J as the default logging framework
22:31:31.629 [main] DEBUG io.netty.util.ResourceLeakDetector - -Dio.netty.leakDetection.level: simple
22:31:31.629 [main] DEBUG io.netty.util.ResourceLeakDetector - -Dio.netty.leakDetection.targetRecords: 4
22:31:31.632 [main] DEBUG io.netty.util.ResourceLeakDetectorFactory - Loaded default ResourceLeakDetector: io.netty.util.ResourceLeakDetector@221ec884
22:31:31.647 [main] DEBUG io.netty.util.internal.PlatformDependent0 - -Dio.netty.noUnsafe: false
22:31:31.647 [main] DEBUG io.netty.util.internal.PlatformDependent0 - Java version: 19
22:31:31.647 [main] DEBUG io.netty.util.internal.PlatformDependent0 - sun.misc.Unsafe.theUnsafe: available
22:31:31.647 [main] DEBUG io.netty.util.internal.PlatformDependent0 - sun.misc.Unsafe.copyMemory: available
22:31:31.649 [main] DEBUG io.netty.util.internal.PlatformDependent0 - java.nio.Buffer.address: available
22:31:31.650 [main] DEBUG io.netty.util.internal.PlatformDependent0 - direct buffer constructor: unavailable: Reflective setAccessible(true) disabled
22:31:31.650 [main] DEBUG io.netty.util.internal.PlatformDependent0 - java.nio.Bits.unaligned: available, true
22:31:31.651 [main] DEBUG io.netty.util.internal.PlatformDependent0 - jdk.internal.misc.Unsafe.allocateUninitializedArray(int): unavailable: class io.netty.util.internal.PlatformDependent0$6 cannot access class jdk.internal.misc.Unsafe (in module java.base) because module java.base does not export jdk.internal.misc to unnamed module @13b13b5d
22:31:31.652 [main] DEBUG io.netty.util.internal.PlatformDependent0 - java.nio.DirectByteBuffer.<init>(long, int): unavailable
22:31:31.652 [main] DEBUG io.netty.util.internal.PlatformDependent - sun.misc.Unsafe: available
22:31:31.654 [main] DEBUG io.netty.util.internal.PlatformDependent - maxDirectMemory: 2095054848 bytes (maybe)
22:31:31.654 [main] DEBUG io.netty.util.internal.PlatformDependent - -Dio.netty.tmpdir: C:\Users\YUSUFE~1\AppData\Local\Temp (java.io.tmpdir)
22:31:31.654 [main] DEBUG io.netty.util.internal.PlatformDependent - -Dio.netty.bitMode: 64 (sun.arch.data.model)
22:31:31.654 [main] DEBUG io.netty.util.internal.PlatformDependent - Platform: Windows
22:31:31.655 [main] DEBUG io.netty.util.internal.PlatformDependent - -Dio.netty.maxDirectMemory: -1 bytes
22:31:31.655 [main] DEBUG io.netty.util.internal.PlatformDependent - -Dio.netty.uninitializedArrayAllocationThreshold: -1
22:31:31.656 [main] DEBUG io.netty.util.internal.CleanerJava9 - java.nio.ByteBuffer.cleaner(): available
22:31:31.656 [main] DEBUG io.netty.util.internal.PlatformDependent - -Dio.netty.noPreferDirect: false
22:31:31.663 [main] DEBUG io.netty.util.internal.PlatformDependent - org.jctools-core.MpscChunkedArrayQueue: available
22:31:31.676 [main] DEBUG io.netty.util.internal.InternalThreadLocalMap - -Dio.netty.threadLocalMap.stringBuilder.initialSize: 1024
22:31:31.676 [main] DEBUG io.netty.util.internal.InternalThreadLocalMap - -Dio.netty.threadLocalMap.stringBuilder.maxSize: 4096
22:31:31.728 [main] DEBUG io.netty.handler.ssl.JdkSslContext - Default protocols (JDK): [TLSv1.3, TLSv1.2] 
22:31:31.728 [main] DEBUG io.netty.handler.ssl.JdkSslContext - Default cipher suites (JDK): [TLS_ECDHE_ECDSA_WITH_AES_256_GCM_SHA384, TLS_ECDHE_ECDSA_WITH_AES_128_GCM_SHA256, TLS_ECDHE_RSA_WITH_AES_128_GCM_SHA256, TLS_ECDHE_RSA_WITH_AES_256_GCM_SHA384, TLS_ECDHE_RSA_WITH_AES_128_CBC_SHA, TLS_ECDHE_RSA_WITH_AES_256_CBC_SHA, TLS_RSA_WITH_AES_128_GCM_SHA256, TLS_RSA_WITH_AES_128_CBC_SHA, TLS_RSA_WITH_AES_256_CBC_SHA, TLS_AES_128_GCM_SHA256, TLS_AES_256_GCM_SHA384]
22:31:31.755 [main] DEBUG io.netty.channel.MultithreadEventLoopGroup - -Dio.netty.eventLoopThreads: 16
22:31:31.764 [main] DEBUG io.netty.channel.nio.NioEventLoop - -Dio.netty.noKeySetOptimization: false
22:31:31.764 [main] DEBUG io.netty.channel.nio.NioEventLoop - -Dio.netty.selectorAutoRebuildThreshold: 512
22:31:31.816 [main] DEBUG io.netty.buffer.PooledByteBufAllocator - -Dio.netty.allocator.numHeapArenas: 16
22:31:31.816 [main] DEBUG io.netty.buffer.PooledByteBufAllocator - -Dio.netty.allocator.numDirectArenas: 16
22:31:31.816 [main] DEBUG io.netty.buffer.PooledByteBufAllocator - -Dio.netty.allocator.pageSize: 8192
22:31:31.816 [main] DEBUG io.netty.buffer.PooledByteBufAllocator - -Dio.netty.allocator.maxOrder: 11
22:31:31.816 [main] DEBUG io.netty.buffer.PooledByteBufAllocator - -Dio.netty.allocator.chunkSize: 16777216
22:31:31.816 [main] DEBUG io.netty.buffer.PooledByteBufAllocator - -Dio.netty.allocator.smallCacheSize: 256
22:31:31.816 [main] DEBUG io.netty.buffer.PooledByteBufAllocator - -Dio.netty.allocator.normalCacheSize: 64
22:31:31.816 [main] DEBUG io.netty.buffer.PooledByteBufAllocator - -Dio.netty.allocator.maxCachedBufferCapacity: 32768
22:31:31.817 [main] DEBUG io.netty.buffer.PooledByteBufAllocator - -Dio.netty.allocator.cacheTrimInterval: 8192
22:31:31.817 [main] DEBUG io.netty.buffer.PooledByteBufAllocator - -Dio.netty.allocator.cacheTrimIntervalMillis: 0
22:31:31.817 [main] DEBUG io.netty.buffer.PooledByteBufAllocator - -Dio.netty.allocator.useCacheForAllThreads: true
22:31:31.817 [main] DEBUG io.netty.buffer.PooledByteBufAllocator - -Dio.netty.allocator.maxCachedByteBuffersPerChunk: 1023
22:31:31.826 [main] DEBUG io.netty.buffer.ByteBufUtil - -Dio.netty.allocator.type: pooled
22:31:31.826 [main] DEBUG io.netty.buffer.ByteBufUtil - -Dio.netty.threadLocalDirectBufferSize: 0
22:31:31.827 [main] DEBUG io.netty.buffer.ByteBufUtil - -Dio.netty.maxThreadLocalCharBufferSize: 16384
22:31:31.983 [main] DEBUG net.serenitybdd.core.webdriver.driverproviders.ProvideNewDriver - Instantiating driver
22:31:31.984 [main] DEBUG net.serenitybdd.core.webdriver.driverproviders.ProvideNewDriver - Driver capabilities: Capabilities {acceptInsecureCerts: false, base.url: https://www.saucedemo.com, browserName: chrome, chrome.driver: src/test/resources/webdrive..., driver: chrome, goog:chromeOptions: {args: [], extensions: []}}
22:31:32.236 [Forwarding newSession on session null to remote] DEBUG io.netty.channel.DefaultChannelId - -Dio.netty.processId: 7164 (auto-detected)
22:31:32.238 [Forwarding newSession on session null to remote] DEBUG io.netty.util.NetUtil - -Djava.net.preferIPv4Stack: false
22:31:32.238 [Forwarding newSession on session null to remote] DEBUG io.netty.util.NetUtil - -Djava.net.preferIPv6Addresses: false
22:31:32.244 [Forwarding newSession on session null to remote] DEBUG io.netty.util.NetUtilInitializations - Loopback interface: lo (Software Loopback Interface 1, 127.0.0.1)
22:31:32.244 [Forwarding newSession on session null to remote] DEBUG io.netty.util.NetUtil - Failed to get SOMAXCONN from sysctl and file \proc\sys\net\core\somaxconn. Default: 200
22:31:32.264 [Forwarding newSession on session null to remote] DEBUG io.netty.channel.DefaultChannelId - -Dio.netty.machineId: 08:71:90:ff:fe:7b:29:b0 (auto-detected)
22:31:32.303 [AsyncHttpClient-1-2] DEBUG io.netty.buffer.AbstractByteBuf - -Dio.netty.buffer.checkAccessible: true
22:31:32.303 [AsyncHttpClient-1-2] DEBUG io.netty.buffer.AbstractByteBuf - -Dio.netty.buffer.checkBounds: true
22:31:32.303 [AsyncHttpClient-1-2] DEBUG io.netty.util.ResourceLeakDetectorFactory - Loaded default ResourceLeakDetector: io.netty.util.ResourceLeakDetector@1684f8
22:31:32.312 [AsyncHttpClient-1-2] DEBUG org.asynchttpclient.netty.channel.NettyConnectListener - Using new Channel '[id: 0x34dc9317, L:/127.0.0.1:64660 - R:localhost/127.0.0.1:61582]' for 'POST' to '/session'
22:31:32.325 [AsyncHttpClient-1-2] DEBUG io.netty.util.Recycler - -Dio.netty.recycler.maxCapacityPerThread: 4096
22:31:32.326 [AsyncHttpClient-1-2] DEBUG io.netty.util.Recycler - -Dio.netty.recycler.ratio: 8
22:31:32.326 [AsyncHttpClient-1-2] DEBUG io.netty.util.Recycler - -Dio.netty.recycler.chunkSize: 32
22:31:32.326 [AsyncHttpClient-1-2] DEBUG io.netty.util.Recycler - -Dio.netty.recycler.blocking: false
22:31:32.895 [AsyncHttpClient-1-2] DEBUG io.netty.handler.codec.compression.Brotli - brotli4j not in the classpath; Brotli support will be unavailable.
22:31:32.896 [AsyncHttpClient-1-2] DEBUG org.asynchttpclient.netty.handler.HttpHandler - 

Request DefaultHttpRequest(decodeResult: success, version: HTTP/1.1)
POST /session HTTP/1.1
User-Agent: selenium/4.1.2 (java windows)
Content-Length: 606
Content-Type: application/json; charset=utf-8
host: localhost:61582
accept: */*

Response DefaultHttpResponse(decodeResult: success, version: HTTP/1.1)
HTTP/1.1 200 OK
Content-Type: application/json; charset=utf-8
cache-control: no-cache
content-length: 794

22:31:32.902 [AsyncHttpClient-1-2] DEBUG org.asynchttpclient.netty.channel.ChannelManager - Adding key: http://localhost:61582 for channel [id: 0x34dc9317, L:/127.0.0.1:64660 - R:localhost/127.0.0.1:61582]
22:31:32.953 [AsyncHttpClient-1-3] DEBUG org.asynchttpclient.netty.channel.NettyConnectListener - Using new Channel '[id: 0x5e59bb7c, L:/127.0.0.1:64667 - R:localhost/127.0.0.1:64661]' for 'GET' to '/json/version'
22:31:32.957 [AsyncHttpClient-1-3] DEBUG org.asynchttpclient.netty.handler.HttpHandler - 

Request DefaultFullHttpRequest(decodeResult: success, version: HTTP/1.1, content: EmptyByteBufBE)
GET /json/version HTTP/1.1
User-Agent: selenium/4.1.2 (java windows)
host: localhost:64661
accept: */*

Response DefaultHttpResponse(decodeResult: success, version: HTTP/1.1)
HTTP/1.1 200 OK
Content-Type: application/json; charset=UTF-8
content-length: 424

22:31:32.959 [AsyncHttpClient-1-3] DEBUG org.asynchttpclient.netty.channel.ChannelManager - Adding key: http://localhost:64661 for channel [id: 0x5e59bb7c, L:/127.0.0.1:64667 - R:localhost/127.0.0.1:64661]
22:31:32.963 [main] DEBUG io.netty.util.internal.ThreadLocalRandom - -Dio.netty.initialSeedUniquifier: 0x4e8291dee8246333
22:31:32.966 [AsyncHttpClient-1-4] DEBUG org.asynchttpclient.netty.channel.NettyConnectListener - Using new Channel '[id: 0x2dbe5992, L:/127.0.0.1:64668 - R:localhost/127.0.0.1:64661]' for 'GET' to '/devtools/browser/d016bb15-8d5e-42cd-8af6-6b360229f088'
22:31:32.972 [AsyncHttpClient-1-4] DEBUG org.asynchttpclient.netty.handler.WebSocketHandler - 

Request DefaultFullHttpRequest(decodeResult: success, version: HTTP/1.1, content: EmptyByteBufBE)
GET /devtools/browser/d016bb15-8d5e-42cd-8af6-6b360229f088 HTTP/1.1
upgrade: websocket
connection: upgrade
sec-websocket-key: 7YCotKT2kFR6rgSO5W8xHg==
sec-websocket-version: 13
origin: http://localhost:64661
host: localhost:64661
accept: */*
user-agent: AHC/2.1

Response DefaultHttpResponse(decodeResult: success, version: HTTP/1.1)
HTTP/1.1 101 WebSocket Protocol Handshake
Upgrade: WebSocket
Connection: Upgrade
Sec-WebSocket-Accept: X2fg9jUQQqOHyY/TgS5yKF0ugbM=

22:31:33.523 [main] DEBUG net.thucydides.core.reflection.ClassFinder - Could not load class .CucumberTestSuite
22:31:33.523 [main] DEBUG net.thucydides.core.reflection.ClassFinder - Could not load class .starter.pages.LoginPage
22:31:33.523 [main] DEBUG net.thucydides.core.reflection.ClassFinder - Could not load class .starter.stepdefinitions.LoginStep
22:31:33.525 [main] DEBUG net.thucydides.core.reflection.ClassFinder - Could not load class META-INF.versions.9.com.sun.istack.logging.StackHelper
22:31:33.525 [main] DEBUG net.thucydides.core.reflection.ClassFinder - Could not load class META-INF.versions.9.com.sun.xml.bind.v2.runtime.reflect.opt.AccessorInjector
22:31:33.525 [main] DEBUG net.thucydides.core.reflection.ClassFinder - Could not load class META-INF.versions.9.com.sun.xml.bind.v2.runtime.reflect.opt.Injector
22:31:33.526 [main] DEBUG net.thucydides.core.reflection.ClassFinder - Could not load class META-INF.versions.9.com.sun.xml.bind.v2.runtime.reflect.opt.OptimizedAccessorFactory
22:31:33.526 [main] DEBUG net.thucydides.core.reflection.ClassFinder - Could not load class META-INF.versions.9.com.sun.xml.bind.v2.runtime.reflect.opt.OptimizedTransducedAccessorFactory
22:31:33.527 [main] DEBUG net.thucydides.core.reflection.ClassFinder - Could not load class META-INF.versions.9.io.opentelemetry.sdk.internal.CurrentJavaVersionSpecific
22:31:33.527 [main] DEBUG net.thucydides.core.reflection.ClassFinder - Could not load class META-INF.versions.9.io.opentelemetry.sdk.internal.Java9VersionSpecific
22:31:33.528 [main] DEBUG net.thucydides.core.reflection.ClassFinder - Could not load class META-INF.versions.9.javax.xml.bind.ModuleUtil
22:31:33.528 [main] DEBUG net.thucydides.core.reflection.ClassFinder - Could not load class META-INF.versions.9.module-info
22:31:33.529 [main] DEBUG net.thucydides.core.reflection.ClassFinder - Could not load class META-INF.versions.9.org.junit.platform.commons.util.ModuleUtils
22:31:33.532 [main] DEBUG net.thucydides.core.reflection.ClassFinder - Could not load class com.google.gson.internal.
22:31:33.534 [main] DEBUG net.thucydides.core.reflection.ClassFinder - Could not load class com.sun.xml.bind.v2.runtime.output.FastInfosetStreamWriterOutput
22:31:33.536 [main] DEBUG net.thucydides.core.reflection.ClassFinder - Could not load class module-info
22:31:33.567 [Forwarding get on session fc336c504dda77c136abeac91a279992 to remote] DEBUG org.asynchttpclient.netty.request.NettyRequestSender - Using pooled Channel '[id: 0x34dc9317, L:/127.0.0.1:64660 - R:localhost/127.0.0.1:61582]' for 'POST' to 'http://localhost:61582/session/fc336c504dda77c136abeac91a279992/url'
22:31:33.568 [Forwarding get on session fc336c504dda77c136abeac91a279992 to remote] DEBUG org.asynchttpclient.netty.request.NettyRequestSender - Using open Channel [id: 0x34dc9317, L:/127.0.0.1:64660 - R:localhost/127.0.0.1:61582] for POST '/session/fc336c504dda77c136abeac91a279992/url'
22:31:33.873 [AsyncHttpClient-1-1] DEBUG org.asynchttpclient.netty.channel.DefaultChannelPool - Entry count for : http://localhost:64661 : 1
22:31:34.975 [AsyncHttpClient-1-1] DEBUG org.asynchttpclient.netty.channel.DefaultChannelPool - Entry count for : http://localhost:64661 : 1
22:31:35.213 [AsyncHttpClient-1-2] DEBUG org.asynchttpclient.netty.handler.HttpHandler - 

Request DefaultHttpRequest(decodeResult: success, version: HTTP/1.1)
POST /session/fc336c504dda77c136abeac91a279992/url HTTP/1.1
User-Agent: selenium/4.1.2 (java windows)
Content-Length: 56
Content-Type: application/json; charset=utf-8
host: localhost:61582
accept: */*

Response DefaultHttpResponse(decodeResult: success, version: HTTP/1.1)
HTTP/1.1 200 OK
Content-Type: application/json; charset=utf-8
cache-control: no-cache
content-length: 14

22:31:35.214 [AsyncHttpClient-1-2] DEBUG org.asynchttpclient.netty.channel.ChannelManager - Adding key: http://localhost:61582 for channel [id: 0x34dc9317, L:/127.0.0.1:64660 - R:localhost/127.0.0.1:61582]
22:31:35.220 [Forwarding setTimeout on session fc336c504dda77c136abeac91a279992 to remote] DEBUG org.asynchttpclient.netty.request.NettyRequestSender - Using pooled Channel '[id: 0x34dc9317, L:/127.0.0.1:64660 - R:localhost/127.0.0.1:61582]' for 'POST' to 'http://localhost:61582/session/fc336c504dda77c136abeac91a279992/timeouts'
22:31:35.220 [Forwarding setTimeout on session fc336c504dda77c136abeac91a279992 to remote] DEBUG org.asynchttpclient.netty.request.NettyRequestSender - Using open Channel [id: 0x34dc9317, L:/127.0.0.1:64660 - R:localhost/127.0.0.1:61582] for POST '/session/fc336c504dda77c136abeac91a279992/timeouts'
22:31:35.222 [AsyncHttpClient-1-2] DEBUG org.asynchttpclient.netty.handler.HttpHandler - 

Request DefaultHttpRequest(decodeResult: success, version: HTTP/1.1)
POST /session/fc336c504dda77c136abeac91a279992/timeouts HTTP/1.1
User-Agent: selenium/4.1.2 (java windows)
Content-Length: 22
Content-Type: application/json; charset=utf-8
host: localhost:61582
accept: */*

Response DefaultHttpResponse(decodeResult: success, version: HTTP/1.1)
HTTP/1.1 200 OK
Content-Type: application/json; charset=utf-8
cache-control: no-cache
content-length: 14

22:31:35.223 [AsyncHttpClient-1-2] DEBUG org.asynchttpclient.netty.channel.ChannelManager - Adding key: http://localhost:61582 for channel [id: 0x34dc9317, L:/127.0.0.1:64660 - R:localhost/127.0.0.1:61582]
22:31:35.230 [Forwarding getCurrentUrl on session fc336c504dda77c136abeac91a279992 to remote] DEBUG org.asynchttpclient.netty.request.NettyRequestSender - Using pooled Channel '[id: 0x34dc9317, L:/127.0.0.1:64660 - R:localhost/127.0.0.1:61582]' for 'GET' to 'http://localhost:61582/session/fc336c504dda77c136abeac91a279992/url'
22:31:35.230 [Forwarding getCurrentUrl on session fc336c504dda77c136abeac91a279992 to remote] DEBUG org.asynchttpclient.netty.request.NettyRequestSender - Using open Channel [id: 0x34dc9317, L:/127.0.0.1:64660 - R:localhost/127.0.0.1:61582] for GET '/session/fc336c504dda77c136abeac91a279992/url'
22:31:35.236 [AsyncHttpClient-1-2] DEBUG org.asynchttpclient.netty.handler.HttpHandler - 

Request DefaultFullHttpRequest(decodeResult: success, version: HTTP/1.1, content: EmptyByteBufBE)
GET /session/fc336c504dda77c136abeac91a279992/url HTTP/1.1
User-Agent: selenium/4.1.2 (java windows)
Cache-Control: no-cache
Content-Type: application/json; charset=utf-8
host: localhost:61582
accept: */*

Response DefaultHttpResponse(decodeResult: success, version: HTTP/1.1)
HTTP/1.1 200 OK
Content-Type: application/json; charset=utf-8
cache-control: no-cache
content-length: 38

22:31:35.236 [AsyncHttpClient-1-2] DEBUG org.asynchttpclient.netty.channel.ChannelManager - Adding key: http://localhost:61582 for channel [id: 0x34dc9317, L:/127.0.0.1:64660 - R:localhost/127.0.0.1:61582]
  &amp#27;[32mGiven &amp#27;[0m&amp#27;[32mI am on the login page&amp#27;[0m      &amp#27;[90m# starter.stepdefinitions.LoginStep.iAmOnTheLoginPage()&amp#27;[0m
22:31:35.255 [main] DEBUG net.serenitybdd.core.photography.Darkroom - Opening darkroom
22:31:35.256 [Darkroom Processing Line] DEBUG net.serenitybdd.core.photography.DarkroomProcessingLine - Darkroom processing line starting up
22:31:35.256 [Forwarding screenshot on session fc336c504dda77c136abeac91a279992 to remote] DEBUG org.asynchttpclient.netty.request.NettyRequestSender - Using pooled Channel '[id: 0x34dc9317, L:/127.0.0.1:64660 - R:localhost/127.0.0.1:61582]' for 'GET' to 'http://localhost:61582/session/fc336c504dda77c136abeac91a279992/screenshot'
22:31:35.256 [Forwarding screenshot on session fc336c504dda77c136abeac91a279992 to remote] DEBUG org.asynchttpclient.netty.request.NettyRequestSender - Using open Channel [id: 0x34dc9317, L:/127.0.0.1:64660 - R:localhost/127.0.0.1:61582] for GET '/session/fc336c504dda77c136abeac91a279992/screenshot'
22:31:35.330 [AsyncHttpClient-1-2] DEBUG org.asynchttpclient.netty.handler.HttpHandler - 

Request DefaultFullHttpRequest(decodeResult: success, version: HTTP/1.1, content: EmptyByteBufBE)
GET /session/fc336c504dda77c136abeac91a279992/screenshot HTTP/1.1
User-Agent: selenium/4.1.2 (java windows)
Cache-Control: no-cache
Content-Type: application/json; charset=utf-8
host: localhost:61582
accept: */*

Response DefaultHttpResponse(decodeResult: success, version: HTTP/1.1)
HTTP/1.1 200 OK
Content-Type: application/json; charset=utf-8
cache-control: no-cache
content-length: 59108

22:31:35.330 [AsyncHttpClient-1-2] DEBUG org.asynchttpclient.netty.channel.ChannelManager - Adding key: http://localhost:61582 for channel [id: 0x34dc9317, L:/127.0.0.1:64660 - R:localhost/127.0.0.1:61582]
22:31:35.369 [main] DEBUG net.serenitybdd.core.photography.Darkroom - Send negative for processing for target\site\serenity\60362de9e780372f1c84cd83ed64add38b67cf4976565ecabf7f97e9ce02f7fb.png
22:31:35.370 [Darkroom Processing Line] DEBUG net.serenitybdd.core.photography.DarkroomProcessingLine - Processing screenshot image in /var/screenshots/screenshot-4177673725331192254
22:31:35.370 [Darkroom Processing Line] DEBUG net.serenitybdd.core.photography.DarkroomProcessingLine - Saving screenshot to target\site\serenity\60362de9e780372f1c84cd83ed64add38b67cf4976565ecabf7f97e9ce02f7fb.png
22:31:35.384 [Forwarding findElement on session fc336c504dda77c136abeac91a279992 to remote] DEBUG org.asynchttpclient.netty.request.NettyRequestSender - Using pooled Channel '[id: 0x34dc9317, L:/127.0.0.1:64660 - R:localhost/127.0.0.1:61582]' for 'POST' to 'http://localhost:61582/session/fc336c504dda77c136abeac91a279992/element'
22:31:35.384 [Forwarding findElement on session fc336c504dda77c136abeac91a279992 to remote] DEBUG org.asynchttpclient.netty.request.NettyRequestSender - Using open Channel [id: 0x34dc9317, L:/127.0.0.1:64660 - R:localhost/127.0.0.1:61582] for POST '/session/fc336c504dda77c136abeac91a279992/element'
22:31:35.394 [AsyncHttpClient-1-2] DEBUG org.asynchttpclient.netty.handler.HttpHandler - 

Request DefaultHttpRequest(decodeResult: success, version: HTTP/1.1)
POST /session/fc336c504dda77c136abeac91a279992/element HTTP/1.1
User-Agent: selenium/4.1.2 (java windows)
Content-Length: 56
Content-Type: application/json; charset=utf-8
host: localhost:61582
accept: */*

Response DefaultHttpResponse(decodeResult: success, version: HTTP/1.1)
HTTP/1.1 200 OK
Content-Type: application/json; charset=utf-8
cache-control: no-cache
content-length: 88

22:31:35.394 [AsyncHttpClient-1-2] DEBUG org.asynchttpclient.netty.channel.ChannelManager - Adding key: http://localhost:61582 for channel [id: 0x34dc9317, L:/127.0.0.1:64660 - R:localhost/127.0.0.1:61582]
22:31:35.396 [Forwarding clearElement on session fc336c504dda77c136abeac91a279992 to remote] DEBUG org.asynchttpclient.netty.request.NettyRequestSender - Using pooled Channel '[id: 0x34dc9317, L:/127.0.0.1:64660 - R:localhost/127.0.0.1:61582]' for 'POST' to 'http://localhost:61582/session/fc336c504dda77c136abeac91a279992/element/d28a8dbd-5318-4abb-bb98-7d1ec75aab1e/clear'
22:31:35.397 [Forwarding clearElement on session fc336c504dda77c136abeac91a279992 to remote] DEBUG org.asynchttpclient.netty.request.NettyRequestSender - Using open Channel [id: 0x34dc9317, L:/127.0.0.1:64660 - R:localhost/127.0.0.1:61582] for POST '/session/fc336c504dda77c136abeac91a279992/element/d28a8dbd-5318-4abb-bb98-7d1ec75aab1e/clear'
22:31:35.425 [AsyncHttpClient-1-2] DEBUG org.asynchttpclient.netty.handler.HttpHandler - 

Request DefaultHttpRequest(decodeResult: success, version: HTTP/1.1)
POST /session/fc336c504dda77c136abeac91a279992/element/d28a8dbd-5318-4abb-bb98-7d1ec75aab1e/clear HTTP/1.1
User-Agent: selenium/4.1.2 (java windows)
Content-Length: 50
Content-Type: application/json; charset=utf-8
host: localhost:61582
accept: */*

Response DefaultHttpResponse(decodeResult: success, version: HTTP/1.1)
HTTP/1.1 200 OK
Content-Type: application/json; charset=utf-8
cache-control: no-cache
content-length: 14

22:31:35.426 [AsyncHttpClient-1-2] DEBUG org.asynchttpclient.netty.channel.ChannelManager - Adding key: http://localhost:61582 for channel [id: 0x34dc9317, L:/127.0.0.1:64660 - R:localhost/127.0.0.1:61582]
22:31:35.431 [Forwarding sendKeysToElement on session fc336c504dda77c136abeac91a279992 to remote] DEBUG org.asynchttpclient.netty.request.NettyRequestSender - Using pooled Channel '[id: 0x34dc9317, L:/127.0.0.1:64660 - R:localhost/127.0.0.1:61582]' for 'POST' to 'http://localhost:61582/session/fc336c504dda77c136abeac91a279992/element/d28a8dbd-5318-4abb-bb98-7d1ec75aab1e/value'
22:31:35.431 [Forwarding sendKeysToElement on session fc336c504dda77c136abeac91a279992 to remote] DEBUG org.asynchttpclient.netty.request.NettyRequestSender - Using open Channel [id: 0x34dc9317, L:/127.0.0.1:64660 - R:localhost/127.0.0.1:61582] for POST '/session/fc336c504dda77c136abeac91a279992/element/d28a8dbd-5318-4abb-bb98-7d1ec75aab1e/value'
22:31:35.495 [AsyncHttpClient-1-2] DEBUG org.asynchttpclient.netty.handler.HttpHandler - 

Request DefaultHttpRequest(decodeResult: success, version: HTTP/1.1)
POST /session/fc336c504dda77c136abeac91a279992/element/d28a8dbd-5318-4abb-bb98-7d1ec75aab1e/value HTTP/1.1
User-Agent: selenium/4.1.2 (java windows)
Content-Length: 231
Content-Type: application/json; charset=utf-8
host: localhost:61582
accept: */*

Response DefaultHttpResponse(decodeResult: success, version: HTTP/1.1)
HTTP/1.1 200 OK
Content-Type: application/json; charset=utf-8
cache-control: no-cache
content-length: 14

22:31:35.496 [AsyncHttpClient-1-2] DEBUG org.asynchttpclient.netty.channel.ChannelManager - Adding key: http://localhost:61582 for channel [id: 0x34dc9317, L:/127.0.0.1:64660 - R:localhost/127.0.0.1:61582]
  &amp#27;[32mWhen &amp#27;[0m&amp#27;[32mI input locked username&amp#27;[0m      &amp#27;[90m# starter.stepdefinitions.LoginStep.iInputLockedUsername()&amp#27;[0m
22:31:35.502 [Forwarding screenshot on session fc336c504dda77c136abeac91a279992 to remote] DEBUG org.asynchttpclient.netty.request.NettyRequestSender - Using pooled Channel '[id: 0x34dc9317, L:/127.0.0.1:64660 - R:localhost/127.0.0.1:61582]' for 'GET' to 'http://localhost:61582/session/fc336c504dda77c136abeac91a279992/screenshot'
22:31:35.502 [Forwarding screenshot on session fc336c504dda77c136abeac91a279992 to remote] DEBUG org.asynchttpclient.netty.request.NettyRequestSender - Using open Channel [id: 0x34dc9317, L:/127.0.0.1:64660 - R:localhost/127.0.0.1:61582] for GET '/session/fc336c504dda77c136abeac91a279992/screenshot'
22:31:35.602 [AsyncHttpClient-1-2] DEBUG org.asynchttpclient.netty.handler.HttpHandler - 

Request DefaultFullHttpRequest(decodeResult: success, version: HTTP/1.1, content: EmptyByteBufBE)
GET /session/fc336c504dda77c136abeac91a279992/screenshot HTTP/1.1
User-Agent: selenium/4.1.2 (java windows)
Cache-Control: no-cache
Content-Type: application/json; charset=utf-8
host: localhost:61582
accept: */*

Response DefaultHttpResponse(decodeResult: success, version: HTTP/1.1)
HTTP/1.1 200 OK
Content-Type: application/json; charset=utf-8
cache-control: no-cache
content-length: 60536

22:31:35.603 [AsyncHttpClient-1-2] DEBUG org.asynchttpclient.netty.channel.ChannelManager - Adding key: http://localhost:61582 for channel [id: 0x34dc9317, L:/127.0.0.1:64660 - R:localhost/127.0.0.1:61582]
22:31:35.605 [main] DEBUG net.serenitybdd.core.photography.Darkroom - Send negative for processing for target\site\serenity\22d1473fedef10e6dd504e26f1013118ffa22b70a632af52b1174d33c3a14e45.png
22:31:35.605 [Darkroom Processing Line] DEBUG net.serenitybdd.core.photography.DarkroomProcessingLine - Processing screenshot image in /var/screenshots/screenshot-3948515132157150627
22:31:35.605 [Darkroom Processing Line] DEBUG net.serenitybdd.core.photography.DarkroomProcessingLine - Saving screenshot to target\site\serenity\22d1473fedef10e6dd504e26f1013118ffa22b70a632af52b1174d33c3a14e45.png
22:31:35.612 [Forwarding findElement on session fc336c504dda77c136abeac91a279992 to remote] DEBUG org.asynchttpclient.netty.request.NettyRequestSender - Using pooled Channel '[id: 0x34dc9317, L:/127.0.0.1:64660 - R:localhost/127.0.0.1:61582]' for 'POST' to 'http://localhost:61582/session/fc336c504dda77c136abeac91a279992/element'
22:31:35.612 [Forwarding findElement on session fc336c504dda77c136abeac91a279992 to remote] DEBUG org.asynchttpclient.netty.request.NettyRequestSender - Using open Channel [id: 0x34dc9317, L:/127.0.0.1:64660 - R:localhost/127.0.0.1:61582] for POST '/session/fc336c504dda77c136abeac91a279992/element'
22:31:35.622 [AsyncHttpClient-1-2] DEBUG org.asynchttpclient.netty.handler.HttpHandler - 

Request DefaultHttpRequest(decodeResult: success, version: HTTP/1.1)
POST /session/fc336c504dda77c136abeac91a279992/element HTTP/1.1
User-Agent: selenium/4.1.2 (java windows)
Content-Length: 53
Content-Type: application/json; charset=utf-8
host: localhost:61582
accept: */*

Response DefaultHttpResponse(decodeResult: success, version: HTTP/1.1)
HTTP/1.1 200 OK
Content-Type: application/json; charset=utf-8
cache-control: no-cache
content-length: 88

22:31:35.622 [AsyncHttpClient-1-2] DEBUG org.asynchttpclient.netty.channel.ChannelManager - Adding key: http://localhost:61582 for channel [id: 0x34dc9317, L:/127.0.0.1:64660 - R:localhost/127.0.0.1:61582]
22:31:35.623 [Forwarding clearElement on session fc336c504dda77c136abeac91a279992 to remote] DEBUG org.asynchttpclient.netty.request.NettyRequestSender - Using pooled Channel '[id: 0x34dc9317, L:/127.0.0.1:64660 - R:localhost/127.0.0.1:61582]' for 'POST' to 'http://localhost:61582/session/fc336c504dda77c136abeac91a279992/element/50c1d934-9476-4afb-826c-f361b19b9940/clear'
22:31:35.623 [Forwarding clearElement on session fc336c504dda77c136abeac91a279992 to remote] DEBUG org.asynchttpclient.netty.request.NettyRequestSender - Using open Channel [id: 0x34dc9317, L:/127.0.0.1:64660 - R:localhost/127.0.0.1:61582] for POST '/session/fc336c504dda77c136abeac91a279992/element/50c1d934-9476-4afb-826c-f361b19b9940/clear'
22:31:35.649 [AsyncHttpClient-1-2] DEBUG org.asynchttpclient.netty.handler.HttpHandler - 

Request DefaultHttpRequest(decodeResult: success, version: HTTP/1.1)
POST /session/fc336c504dda77c136abeac91a279992/element/50c1d934-9476-4afb-826c-f361b19b9940/clear HTTP/1.1
User-Agent: selenium/4.1.2 (java windows)
Content-Length: 50
Content-Type: application/json; charset=utf-8
host: localhost:61582
accept: */*

Response DefaultHttpResponse(decodeResult: success, version: HTTP/1.1)
HTTP/1.1 200 OK
Content-Type: application/json; charset=utf-8
cache-control: no-cache
content-length: 14

22:31:35.649 [AsyncHttpClient-1-2] DEBUG org.asynchttpclient.netty.channel.ChannelManager - Adding key: http://localhost:61582 for channel [id: 0x34dc9317, L:/127.0.0.1:64660 - R:localhost/127.0.0.1:61582]
22:31:35.651 [Forwarding sendKeysToElement on session fc336c504dda77c136abeac91a279992 to remote] DEBUG org.asynchttpclient.netty.request.NettyRequestSender - Using pooled Channel '[id: 0x34dc9317, L:/127.0.0.1:64660 - R:localhost/127.0.0.1:61582]' for 'POST' to 'http://localhost:61582/session/fc336c504dda77c136abeac91a279992/element/50c1d934-9476-4afb-826c-f361b19b9940/value'
22:31:35.651 [Forwarding sendKeysToElement on session fc336c504dda77c136abeac91a279992 to remote] DEBUG org.asynchttpclient.netty.request.NettyRequestSender - Using open Channel [id: 0x34dc9317, L:/127.0.0.1:64660 - R:localhost/127.0.0.1:61582] for POST '/session/fc336c504dda77c136abeac91a279992/element/50c1d934-9476-4afb-826c-f361b19b9940/value'
22:31:35.695 [AsyncHttpClient-1-2] DEBUG org.asynchttpclient.netty.handler.HttpHandler - 

Request DefaultHttpRequest(decodeResult: success, version: HTTP/1.1)
POST /session/fc336c504dda77c136abeac91a279992/element/50c1d934-9476-4afb-826c-f361b19b9940/value HTTP/1.1
User-Agent: selenium/4.1.2 (java windows)
Content-Length: 201
Content-Type: application/json; charset=utf-8
host: localhost:61582
accept: */*

Response DefaultHttpResponse(decodeResult: success, version: HTTP/1.1)
HTTP/1.1 200 OK
Content-Type: application/json; charset=utf-8
cache-control: no-cache
content-length: 14

22:31:35.696 [AsyncHttpClient-1-2] DEBUG org.asynchttpclient.netty.channel.ChannelManager - Adding key: http://localhost:61582 for channel [id: 0x34dc9317, L:/127.0.0.1:64660 - R:localhost/127.0.0.1:61582]
  &amp#27;[32mAnd &amp#27;[0m&amp#27;[32mI input valid password&amp#27;[0m        &amp#27;[90m# starter.stepdefinitions.LoginStep.iInputValidPassword()&amp#27;[0m
22:31:35.701 [Forwarding screenshot on session fc336c504dda77c136abeac91a279992 to remote] DEBUG org.asynchttpclient.netty.request.NettyRequestSender - Using pooled Channel '[id: 0x34dc9317, L:/127.0.0.1:64660 - R:localhost/127.0.0.1:61582]' for 'GET' to 'http://localhost:61582/session/fc336c504dda77c136abeac91a279992/screenshot'
22:31:35.701 [Forwarding screenshot on session fc336c504dda77c136abeac91a279992 to remote] DEBUG org.asynchttpclient.netty.request.NettyRequestSender - Using open Channel [id: 0x34dc9317, L:/127.0.0.1:64660 - R:localhost/127.0.0.1:61582] for GET '/session/fc336c504dda77c136abeac91a279992/screenshot'
22:31:35.804 [AsyncHttpClient-1-2] DEBUG org.asynchttpclient.netty.handler.HttpHandler - 

Request DefaultFullHttpRequest(decodeResult: success, version: HTTP/1.1, content: EmptyByteBufBE)
GET /session/fc336c504dda77c136abeac91a279992/screenshot HTTP/1.1
User-Agent: selenium/4.1.2 (java windows)
Cache-Control: no-cache
Content-Type: application/json; charset=utf-8
host: localhost:61582
accept: */*

Response DefaultHttpResponse(decodeResult: success, version: HTTP/1.1)
HTTP/1.1 200 OK
Content-Type: application/json; charset=utf-8
cache-control: no-cache
content-length: 59012

22:31:35.805 [AsyncHttpClient-1-2] DEBUG org.asynchttpclient.netty.channel.ChannelManager - Adding key: http://localhost:61582 for channel [id: 0x34dc9317, L:/127.0.0.1:64660 - R:localhost/127.0.0.1:61582]
22:31:35.808 [main] DEBUG net.serenitybdd.core.photography.Darkroom - Send negative for processing for target\site\serenity\868dc38538008c966edaea864e89a795b03f77b34f580270ecf0317d0cfcb1ae.png
22:31:35.808 [Darkroom Processing Line] DEBUG net.serenitybdd.core.photography.DarkroomProcessingLine - Processing screenshot image in /var/screenshots/screenshot-15291620872896297930
22:31:35.808 [Darkroom Processing Line] DEBUG net.serenitybdd.core.photography.DarkroomProcessingLine - Saving screenshot to target\site\serenity\868dc38538008c966edaea864e89a795b03f77b34f580270ecf0317d0cfcb1ae.png
22:31:35.816 [Forwarding findElement on session fc336c504dda77c136abeac91a279992 to remote] DEBUG org.asynchttpclient.netty.request.NettyRequestSender - Using pooled Channel '[id: 0x34dc9317, L:/127.0.0.1:64660 - R:localhost/127.0.0.1:61582]' for 'POST' to 'http://localhost:61582/session/fc336c504dda77c136abeac91a279992/element'
22:31:35.816 [Forwarding findElement on session fc336c504dda77c136abeac91a279992 to remote] DEBUG org.asynchttpclient.netty.request.NettyRequestSender - Using open Channel [id: 0x34dc9317, L:/127.0.0.1:64660 - R:localhost/127.0.0.1:61582] for POST '/session/fc336c504dda77c136abeac91a279992/element'
22:31:35.826 [AsyncHttpClient-1-2] DEBUG org.asynchttpclient.netty.handler.HttpHandler - 

Request DefaultHttpRequest(decodeResult: success, version: HTTP/1.1)
POST /session/fc336c504dda77c136abeac91a279992/element HTTP/1.1
User-Agent: selenium/4.1.2 (java windows)
Content-Length: 59
Content-Type: application/json; charset=utf-8
host: localhost:61582
accept: */*

Response DefaultHttpResponse(decodeResult: success, version: HTTP/1.1)
HTTP/1.1 200 OK
Content-Type: application/json; charset=utf-8
cache-control: no-cache
content-length: 88

22:31:35.826 [AsyncHttpClient-1-2] DEBUG org.asynchttpclient.netty.channel.ChannelManager - Adding key: http://localhost:61582 for channel [id: 0x34dc9317, L:/127.0.0.1:64660 - R:localhost/127.0.0.1:61582]
22:31:35.828 [Forwarding getElementTagName on session fc336c504dda77c136abeac91a279992 to remote] DEBUG org.asynchttpclient.netty.request.NettyRequestSender - Using pooled Channel '[id: 0x34dc9317, L:/127.0.0.1:64660 - R:localhost/127.0.0.1:61582]' for 'GET' to 'http://localhost:61582/session/fc336c504dda77c136abeac91a279992/element/39be99c1-f539-4bf2-9b7f-365e59ace666/name'
22:31:35.828 [Forwarding getElementTagName on session fc336c504dda77c136abeac91a279992 to remote] DEBUG org.asynchttpclient.netty.request.NettyRequestSender - Using open Channel [id: 0x34dc9317, L:/127.0.0.1:64660 - R:localhost/127.0.0.1:61582] for GET '/session/fc336c504dda77c136abeac91a279992/element/39be99c1-f539-4bf2-9b7f-365e59ace666/name'
22:31:35.833 [AsyncHttpClient-1-2] DEBUG org.asynchttpclient.netty.handler.HttpHandler - 

Request DefaultFullHttpRequest(decodeResult: success, version: HTTP/1.1, content: EmptyByteBufBE)
GET /session/fc336c504dda77c136abeac91a279992/element/39be99c1-f539-4bf2-9b7f-365e59ace666/name HTTP/1.1
User-Agent: selenium/4.1.2 (java windows)
Cache-Control: no-cache
Content-Type: application/json; charset=utf-8
host: localhost:61582
accept: */*

Response DefaultHttpResponse(decodeResult: success, version: HTTP/1.1)
HTTP/1.1 200 OK
Content-Type: application/json; charset=utf-8
cache-control: no-cache
content-length: 17

22:31:35.833 [AsyncHttpClient-1-2] DEBUG org.asynchttpclient.netty.channel.ChannelManager - Adding key: http://localhost:61582 for channel [id: 0x34dc9317, L:/127.0.0.1:64660 - R:localhost/127.0.0.1:61582]
22:31:35.835 [Forwarding getElementTagName on session fc336c504dda77c136abeac91a279992 to remote] DEBUG org.asynchttpclient.netty.request.NettyRequestSender - Using pooled Channel '[id: 0x34dc9317, L:/127.0.0.1:64660 - R:localhost/127.0.0.1:61582]' for 'GET' to 'http://localhost:61582/session/fc336c504dda77c136abeac91a279992/element/39be99c1-f539-4bf2-9b7f-365e59ace666/name'
22:31:35.835 [Forwarding getElementTagName on session fc336c504dda77c136abeac91a279992 to remote] DEBUG org.asynchttpclient.netty.request.NettyRequestSender - Using open Channel [id: 0x34dc9317, L:/127.0.0.1:64660 - R:localhost/127.0.0.1:61582] for GET '/session/fc336c504dda77c136abeac91a279992/element/39be99c1-f539-4bf2-9b7f-365e59ace666/name'
22:31:35.837 [AsyncHttpClient-1-2] DEBUG org.asynchttpclient.netty.handler.HttpHandler - 

Request DefaultFullHttpRequest(decodeResult: success, version: HTTP/1.1, content: EmptyByteBufBE)
GET /session/fc336c504dda77c136abeac91a279992/element/39be99c1-f539-4bf2-9b7f-365e59ace666/name HTTP/1.1
User-Agent: selenium/4.1.2 (java windows)
Cache-Control: no-cache
Content-Type: application/json; charset=utf-8
host: localhost:61582
accept: */*

Response DefaultHttpResponse(decodeResult: success, version: HTTP/1.1)
HTTP/1.1 200 OK
Content-Type: application/json; charset=utf-8
cache-control: no-cache
content-length: 17

22:31:35.837 [AsyncHttpClient-1-2] DEBUG org.asynchttpclient.netty.channel.ChannelManager - Adding key: http://localhost:61582 for channel [id: 0x34dc9317, L:/127.0.0.1:64660 - R:localhost/127.0.0.1:61582]
22:31:35.842 [Forwarding isElementEnabled on session fc336c504dda77c136abeac91a279992 to remote] DEBUG org.asynchttpclient.netty.request.NettyRequestSender - Using pooled Channel '[id: 0x34dc9317, L:/127.0.0.1:64660 - R:localhost/127.0.0.1:61582]' for 'GET' to 'http://localhost:61582/session/fc336c504dda77c136abeac91a279992/element/39be99c1-f539-4bf2-9b7f-365e59ace666/enabled'
22:31:35.842 [Forwarding isElementEnabled on session fc336c504dda77c136abeac91a279992 to remote] DEBUG org.asynchttpclient.netty.request.NettyRequestSender - Using open Channel [id: 0x34dc9317, L:/127.0.0.1:64660 - R:localhost/127.0.0.1:61582] for GET '/session/fc336c504dda77c136abeac91a279992/element/39be99c1-f539-4bf2-9b7f-365e59ace666/enabled'
22:31:35.849 [AsyncHttpClient-1-2] DEBUG org.asynchttpclient.netty.handler.HttpHandler - 

Request DefaultFullHttpRequest(decodeResult: success, version: HTTP/1.1, content: EmptyByteBufBE)
GET /session/fc336c504dda77c136abeac91a279992/element/39be99c1-f539-4bf2-9b7f-365e59ace666/enabled HTTP/1.1
User-Agent: selenium/4.1.2 (java windows)
Cache-Control: no-cache
Content-Type: application/json; charset=utf-8
host: localhost:61582
accept: */*

Response DefaultHttpResponse(decodeResult: success, version: HTTP/1.1)
HTTP/1.1 200 OK
Content-Type: application/json; charset=utf-8
cache-control: no-cache
content-length: 14

22:31:35.849 [AsyncHttpClient-1-2] DEBUG org.asynchttpclient.netty.channel.ChannelManager - Adding key: http://localhost:61582 for channel [id: 0x34dc9317, L:/127.0.0.1:64660 - R:localhost/127.0.0.1:61582]
22:31:35.851 [Forwarding isElementEnabled on session fc336c504dda77c136abeac91a279992 to remote] DEBUG org.asynchttpclient.netty.request.NettyRequestSender - Using pooled Channel '[id: 0x34dc9317, L:/127.0.0.1:64660 - R:localhost/127.0.0.1:61582]' for 'GET' to 'http://localhost:61582/session/fc336c504dda77c136abeac91a279992/element/39be99c1-f539-4bf2-9b7f-365e59ace666/enabled'
22:31:35.851 [Forwarding isElementEnabled on session fc336c504dda77c136abeac91a279992 to remote] DEBUG org.asynchttpclient.netty.request.NettyRequestSender - Using open Channel [id: 0x34dc9317, L:/127.0.0.1:64660 - R:localhost/127.0.0.1:61582] for GET '/session/fc336c504dda77c136abeac91a279992/element/39be99c1-f539-4bf2-9b7f-365e59ace666/enabled'
22:31:35.857 [AsyncHttpClient-1-2] DEBUG org.asynchttpclient.netty.handler.HttpHandler - 

Request DefaultFullHttpRequest(decodeResult: success, version: HTTP/1.1, content: EmptyByteBufBE)
GET /session/fc336c504dda77c136abeac91a279992/element/39be99c1-f539-4bf2-9b7f-365e59ace666/enabled HTTP/1.1
User-Agent: selenium/4.1.2 (java windows)
Cache-Control: no-cache
Content-Type: application/json; charset=utf-8
host: localhost:61582
accept: */*

Response DefaultHttpResponse(decodeResult: success, version: HTTP/1.1)
HTTP/1.1 200 OK
Content-Type: application/json; charset=utf-8
cache-control: no-cache
content-length: 14

22:31:35.857 [AsyncHttpClient-1-2] DEBUG org.asynchttpclient.netty.channel.ChannelManager - Adding key: http://localhost:61582 for channel [id: 0x34dc9317, L:/127.0.0.1:64660 - R:localhost/127.0.0.1:61582]
22:31:35.859 [Forwarding findElement on session fc336c504dda77c136abeac91a279992 to remote] DEBUG org.asynchttpclient.netty.request.NettyRequestSender - Using pooled Channel '[id: 0x34dc9317, L:/127.0.0.1:64660 - R:localhost/127.0.0.1:61582]' for 'POST' to 'http://localhost:61582/session/fc336c504dda77c136abeac91a279992/element'
22:31:35.859 [Forwarding findElement on session fc336c504dda77c136abeac91a279992 to remote] DEBUG org.asynchttpclient.netty.request.NettyRequestSender - Using open Channel [id: 0x34dc9317, L:/127.0.0.1:64660 - R:localhost/127.0.0.1:61582] for POST '/session/fc336c504dda77c136abeac91a279992/element'
22:31:35.865 [AsyncHttpClient-1-2] DEBUG org.asynchttpclient.netty.handler.HttpHandler - 

Request DefaultHttpRequest(decodeResult: success, version: HTTP/1.1)
POST /session/fc336c504dda77c136abeac91a279992/element HTTP/1.1
User-Agent: selenium/4.1.2 (java windows)
Content-Length: 59
Content-Type: application/json; charset=utf-8
host: localhost:61582
accept: */*

Response DefaultHttpResponse(decodeResult: success, version: HTTP/1.1)
HTTP/1.1 200 OK
Content-Type: application/json; charset=utf-8
cache-control: no-cache
content-length: 88

22:31:35.865 [AsyncHttpClient-1-2] DEBUG org.asynchttpclient.netty.channel.ChannelManager - Adding key: http://localhost:61582 for channel [id: 0x34dc9317, L:/127.0.0.1:64660 - R:localhost/127.0.0.1:61582]
22:31:35.867 [Forwarding clickElement on session fc336c504dda77c136abeac91a279992 to remote] DEBUG org.asynchttpclient.netty.request.NettyRequestSender - Using pooled Channel '[id: 0x34dc9317, L:/127.0.0.1:64660 - R:localhost/127.0.0.1:61582]' for 'POST' to 'http://localhost:61582/session/fc336c504dda77c136abeac91a279992/element/39be99c1-f539-4bf2-9b7f-365e59ace666/click'
22:31:35.867 [Forwarding clickElement on session fc336c504dda77c136abeac91a279992 to remote] DEBUG org.asynchttpclient.netty.request.NettyRequestSender - Using open Channel [id: 0x34dc9317, L:/127.0.0.1:64660 - R:localhost/127.0.0.1:61582] for POST '/session/fc336c504dda77c136abeac91a279992/element/39be99c1-f539-4bf2-9b7f-365e59ace666/click'
22:31:35.906 [AsyncHttpClient-1-2] DEBUG org.asynchttpclient.netty.handler.HttpHandler - 

Request DefaultHttpRequest(decodeResult: success, version: HTTP/1.1)
POST /session/fc336c504dda77c136abeac91a279992/element/39be99c1-f539-4bf2-9b7f-365e59ace666/click HTTP/1.1
User-Agent: selenium/4.1.2 (java windows)
Content-Length: 50
Content-Type: application/json; charset=utf-8
host: localhost:61582
accept: */*

Response DefaultHttpResponse(decodeResult: success, version: HTTP/1.1)
HTTP/1.1 200 OK
Content-Type: application/json; charset=utf-8
cache-control: no-cache
content-length: 14

22:31:35.906 [AsyncHttpClient-1-2] DEBUG org.asynchttpclient.netty.channel.ChannelManager - Adding key: http://localhost:61582 for channel [id: 0x34dc9317, L:/127.0.0.1:64660 - R:localhost/127.0.0.1:61582]
  &amp#27;[32mAnd &amp#27;[0m&amp#27;[32mI click login button&amp#27;[0m          &amp#27;[90m# starter.stepdefinitions.LoginStep.iClickLoginButton()&amp#27;[0m
22:31:35.914 [Forwarding screenshot on session fc336c504dda77c136abeac91a279992 to remote] DEBUG org.asynchttpclient.netty.request.NettyRequestSender - Using pooled Channel '[id: 0x34dc9317, L:/127.0.0.1:64660 - R:localhost/127.0.0.1:61582]' for 'GET' to 'http://localhost:61582/session/fc336c504dda77c136abeac91a279992/screenshot'
22:31:35.914 [Forwarding screenshot on session fc336c504dda77c136abeac91a279992 to remote] DEBUG org.asynchttpclient.netty.request.NettyRequestSender - Using open Channel [id: 0x34dc9317, L:/127.0.0.1:64660 - R:localhost/127.0.0.1:61582] for GET '/session/fc336c504dda77c136abeac91a279992/screenshot'
22:31:35.991 [AsyncHttpClient-1-2] DEBUG org.asynchttpclient.netty.handler.HttpHandler - 

Request DefaultFullHttpRequest(decodeResult: success, version: HTTP/1.1, content: EmptyByteBufBE)
GET /session/fc336c504dda77c136abeac91a279992/screenshot HTTP/1.1
User-Agent: selenium/4.1.2 (java windows)
Cache-Control: no-cache
Content-Type: application/json; charset=utf-8
host: localhost:61582
accept: */*

Response DefaultHttpResponse(decodeResult: success, version: HTTP/1.1)
HTTP/1.1 200 OK
Content-Type: application/json; charset=utf-8
cache-control: no-cache
content-length: 64844

22:31:35.992 [AsyncHttpClient-1-2] DEBUG org.asynchttpclient.netty.channel.ChannelManager - Adding key: http://localhost:61582 for channel [id: 0x34dc9317, L:/127.0.0.1:64660 - R:localhost/127.0.0.1:61582]
22:31:35.997 [main] DEBUG net.serenitybdd.core.photography.Darkroom - Send negative for processing for target\site\serenity\a69d631c59aaf5a7f1758e10750a7507997aea729d094d2b8043cfa3aad1a455.png
22:31:35.998 [Darkroom Processing Line] DEBUG net.serenitybdd.core.photography.DarkroomProcessingLine - Processing screenshot image in /var/screenshots/screenshot-2139003069612495035
22:31:35.998 [Darkroom Processing Line] DEBUG net.serenitybdd.core.photography.DarkroomProcessingLine - Saving screenshot to target\site\serenity\a69d631c59aaf5a7f1758e10750a7507997aea729d094d2b8043cfa3aad1a455.png
22:31:36.005 [Forwarding findElement on session fc336c504dda77c136abeac91a279992 to remote] DEBUG org.asynchttpclient.netty.request.NettyRequestSender - Using pooled Channel '[id: 0x34dc9317, L:/127.0.0.1:64660 - R:localhost/127.0.0.1:61582]' for 'POST' to 'http://localhost:61582/session/fc336c504dda77c136abeac91a279992/element'
22:31:36.005 [Forwarding findElement on session fc336c504dda77c136abeac91a279992 to remote] DEBUG org.asynchttpclient.netty.request.NettyRequestSender - Using open Channel [id: 0x34dc9317, L:/127.0.0.1:64660 - R:localhost/127.0.0.1:61582] for POST '/session/fc336c504dda77c136abeac91a279992/element'
22:31:36.014 [AsyncHttpClient-1-2] DEBUG org.asynchttpclient.netty.handler.HttpHandler - 

Request DefaultHttpRequest(decodeResult: success, version: HTTP/1.1)
POST /session/fc336c504dda77c136abeac91a279992/element HTTP/1.1
User-Agent: selenium/4.1.2 (java windows)
Content-Length: 51
Content-Type: application/json; charset=utf-8
host: localhost:61582
accept: */*

Response DefaultHttpResponse(decodeResult: success, version: HTTP/1.1)
HTTP/1.1 200 OK
Content-Type: application/json; charset=utf-8
cache-control: no-cache
content-length: 88

22:31:36.015 [AsyncHttpClient-1-2] DEBUG org.asynchttpclient.netty.channel.ChannelManager - Adding key: http://localhost:61582 for channel [id: 0x34dc9317, L:/127.0.0.1:64660 - R:localhost/127.0.0.1:61582]
22:31:36.020 [Forwarding isElementDisplayed on session fc336c504dda77c136abeac91a279992 to remote] DEBUG org.asynchttpclient.netty.request.NettyRequestSender - Using pooled Channel '[id: 0x34dc9317, L:/127.0.0.1:64660 - R:localhost/127.0.0.1:61582]' for 'POST' to 'http://localhost:61582/session/fc336c504dda77c136abeac91a279992/execute/sync'
22:31:36.020 [Forwarding isElementDisplayed on session fc336c504dda77c136abeac91a279992 to remote] DEBUG org.asynchttpclient.netty.request.NettyRequestSender - Using open Channel [id: 0x34dc9317, L:/127.0.0.1:64660 - R:localhost/127.0.0.1:61582] for POST '/session/fc336c504dda77c136abeac91a279992/execute/sync'
22:31:36.032 [AsyncHttpClient-1-2] DEBUG org.asynchttpclient.netty.handler.HttpHandler - 

Request DefaultHttpRequest(decodeResult: success, version: HTTP/1.1)
POST /session/fc336c504dda77c136abeac91a279992/execute/sync HTTP/1.1
User-Agent: selenium/4.1.2 (java windows)
Content-Length: 48780
Content-Type: application/json; charset=utf-8
host: localhost:61582
accept: */*

Response DefaultHttpResponse(decodeResult: success, version: HTTP/1.1)
HTTP/1.1 200 OK
Content-Type: application/json; charset=utf-8
cache-control: no-cache
content-length: 14

22:31:36.032 [AsyncHttpClient-1-2] DEBUG org.asynchttpclient.netty.channel.ChannelManager - Adding key: http://localhost:61582 for channel [id: 0x34dc9317, L:/127.0.0.1:64660 - R:localhost/127.0.0.1:61582]
  &amp#27;[32mThen &amp#27;[0m&amp#27;[32mI will get error message&amp#27;[0m     &amp#27;[90m# starter.stepdefinitions.LoginStep.iWillGetErrorMessage()&amp#27;[0m
22:31:36.039 [main] INFO  - 
  _____   ___   ___   _____     ___     _     ___   ___   ___   ___  
 |_   _| | __| / __| |_   _|   | _ \   /_\   / __| / __| | __| |   \ 
   | |   | _|  \__ \   | |     |  _/  / _ \  \__ \ \__ \ | _|  | |) |
   |_|   |___| |___/   |_|     |_|   /_/ \_\ |___/ |___/ |___| |___/ 

Login with locked account
----------------------------------------------------------------------
22:31:36.068 [AsyncHttpClient-1-1] DEBUG org.asynchttpclient.netty.channel.DefaultChannelPool - Entry count for : http://localhost:61582 : 1
22:31:36.068 [AsyncHttpClient-1-1] DEBUG org.asynchttpclient.netty.channel.DefaultChannelPool - Entry count for : http://localhost:64661 : 1
22:31:36.122 [Driver Command Executor] DEBUG org.asynchttpclient.netty.request.NettyRequestSender - Using pooled Channel '[id: 0x34dc9317, L:/127.0.0.1:64660 - R:localhost/127.0.0.1:61582]' for 'DELETE' to 'http://localhost:61582/session/fc336c504dda77c136abeac91a279992'
22:31:36.122 [Driver Command Executor] DEBUG org.asynchttpclient.netty.request.NettyRequestSender - Using open Channel [id: 0x34dc9317, L:/127.0.0.1:64660 - R:localhost/127.0.0.1:61582] for DELETE '/session/fc336c504dda77c136abeac91a279992'
22:31:36.123 [AsyncHttpClient-1-4] DEBUG org.asynchttpclient.netty.handler.WebSocketHandler - Channel Closed: [id: 0x2dbe5992, L:/127.0.0.1:64668 ! R:localhost/127.0.0.1:64661] with attribute NettyResponseFuture{currentRetry=5,
	isDone=1,
	isCancelled=0,
	asyncHandler=org.asynchttpclient.ws.WebSocketUpgradeHandler@54b97763,
	nettyRequest=org.asynchttpclient.netty.request.NettyRequest@7a003dac,
	future=java.util.concurrent.CompletableFuture@19c70334[Completed normally],
	uri=ws://localhost:64661/devtools/browser/d016bb15-8d5e-42cd-8af6-6b360229f088,
	keepAlive=true,
	redirectCount=0,
	timeoutsHolder=null,
	inAuth=0,
	touch=1665675092982}
22:31:36.124 [AsyncHttpClient-1-4] DEBUG org.asynchttpclient.netty.channel.ChannelManager - Closing Channel [id: 0x2dbe5992, L:/127.0.0.1:64668 ! R:localhost/127.0.0.1:64661] 
22:31:36.148 [AsyncHttpClient-1-3] DEBUG org.asynchttpclient.netty.handler.HttpHandler - Unexpected I/O exception on channel [id: 0x5e59bb7c, L:/127.0.0.1:64667 - R:localhost/127.0.0.1:64661]
java.net.SocketException: Connection reset
	at java.base/sun.nio.ch.SocketChannelImpl.throwConnectionReset(SocketChannelImpl.java:401)
	at java.base/sun.nio.ch.SocketChannelImpl.read(SocketChannelImpl.java:434)
	at io.netty.buffer.PooledByteBuf.setBytes(PooledByteBuf.java:258)
	at io.netty.buffer.AbstractByteBuf.writeBytes(AbstractByteBuf.java:1132)
	at io.netty.channel.socket.nio.NioSocketChannel.doReadBytes(NioSocketChannel.java:350)
	at io.netty.channel.nio.AbstractNioByteChannel$NioByteUnsafe.read(AbstractNioByteChannel.java:151)
	at io.netty.channel.nio.NioEventLoop.processSelectedKey(NioEventLoop.java:722)
	at io.netty.channel.nio.NioEventLoop.processSelectedKeysOptimized(NioEventLoop.java:658)
	at io.netty.channel.nio.NioEventLoop.processSelectedKeys(NioEventLoop.java:584)
	at io.netty.channel.nio.NioEventLoop.run(NioEventLoop.java:496)
	at io.netty.util.concurrent.SingleThreadEventExecutor$4.run(SingleThreadEventExecutor.java:986)
	at io.netty.util.internal.ThreadExecutorMap$2.run(ThreadExecutorMap.java:74)
	at io.netty.util.concurrent.FastThreadLocalRunnable.run(FastThreadLocalRunnable.java:30)
	at java.base/java.lang.Thread.run(Thread.java:1589)
22:31:36.148 [AsyncHttpClient-1-3] DEBUG org.asynchttpclient.netty.channel.ChannelManager - Closing Channel [id: 0x5e59bb7c, L:/127.0.0.1:64667 - R:localhost/127.0.0.1:64661] 
22:31:36.151 [AsyncHttpClient-1-3] DEBUG org.asynchttpclient.netty.handler.HttpHandler - Channel Closed: [id: 0x5e59bb7c, L:/127.0.0.1:64667 ! R:localhost/127.0.0.1:64661] with attribute DISCARD
22:31:36.157 [AsyncHttpClient-1-2] DEBUG org.asynchttpclient.netty.handler.HttpHandler - 

Request DefaultFullHttpRequest(decodeResult: success, version: HTTP/1.1, content: EmptyByteBufBE)
DELETE /session/fc336c504dda77c136abeac91a279992 HTTP/1.1
User-Agent: selenium/4.1.2 (java windows)
Content-Type: application/json; charset=utf-8
host: localhost:61582
accept: */*

Response DefaultHttpResponse(decodeResult: success, version: HTTP/1.1)
HTTP/1.1 200 OK
Content-Type: application/json; charset=utf-8
cache-control: no-cache
content-length: 14

22:31:36.158 [AsyncHttpClient-1-2] DEBUG org.asynchttpclient.netty.channel.ChannelManager - Adding key: http://localhost:61582 for channel [id: 0x34dc9317, L:/127.0.0.1:64660 - R:localhost/127.0.0.1:61582]
22:31:36.200 [AsyncHttpClient-1-2] DEBUG org.asynchttpclient.netty.handler.HttpHandler - Channel Closed: [id: 0x34dc9317, L:/127.0.0.1:64660 ! R:localhost/127.0.0.1:61582] with attribute DISCARD
]]></system-out>
    <system-err><![CDATA[Starting ChromeDriver 106.0.5249.61 (511755355844955cd3e264779baf0dd38212a4d0-refs/branch-heads/5249@{#569}) on port 61582
Only local connections are allowed.
Please see https://chromedriver.chromium.org/security-considerations for suggestions on keeping ChromeDriver safe.
ChromeDriver was started successfully.
Oct 13, 2022 10:31:32 PM org.openqa.selenium.remote.ProtocolHandshake createSession
INFO: Detected dialect: W3C
Oct 13, 2022 10:31:32 PM org.openqa.selenium.devtools.CdpVersionFinder findNearestMatch
WARNING: Unable to find an exact match for CDP version 106, so returning the closest version found: a no-op implementation
Oct 13, 2022 10:31:32 PM org.openqa.selenium.devtools.CdpVersionFinder findNearestMatch
INFO: Unable to find CDP implementation matching 106.
Oct 13, 2022 10:31:32 PM org.openqa.selenium.chromium.ChromiumDriver lambda$new$3
WARNING: Unable to find version of CDP to use for . You may need to include a dependency on a specific version of the CDP using something similar to `org.seleniumhq.selenium:selenium-devtools-v86:4.1.2` where the version ("v86") matches the version of the chromium-based browser you're using and the version number of the artifact is the same as Selenium's.
]]></system-err>
  </testcase>
  <testcase name="Login with standard user" classname="Login" time="6.031">
    <system-out><![CDATA[
Scenario: Login with standard user &amp#27;[90m# src/test/resources/features/login.feature:13&amp#27;[0m
22:31:36.266 [main] INFO io.cucumber.core.plugin.SerenityReporter - Running feature from file:///D:/qe_moch_yusuf_efendi/21_Review%20Web%20UI%20Testing%20with%20Serenity/praktikum/web-ui/src/test/resources/features/login.feature
22:31:36.270 [main] INFO  - 
  _____   ___   ___   _____     ___   _____     _     ___   _____   ___   ___  
 |_   _| | __| / __| |_   _|   / __| |_   _|   /_\   | _ \ |_   _| | __| |   \ 
   | |   | _|  \__ \   | |     \__ \   | |    / _ \  |   /   | |   | _|  | |) |
   |_|   |___| |___/   |_|     |___/   |_|   /_/ \_\ |_|_\   |_|   |___| |___/ 

Login with standard user(login;login-with-standard-user)
--------------------------------------------------------------------------------
22:31:36.291 [main] INFO net.serenitybdd.core.webdriver.driverproviders.ChromeDriverProvider - Using automatically driver download
22:31:36.394 [main] DEBUG io.github.bonigarcia.wdm.cache.ResolutionCache - Resolution chrome=106 in cache (valid until 23:11:12 13/10/2022 WIB)
22:31:36.398 [main] DEBUG io.github.bonigarcia.wdm.cache.ResolutionCache - Resolution chrome106=106.0.5249.61 in cache (valid until 19:49:28 14/10/2022 WIB)
22:31:36.400 [main] INFO io.github.bonigarcia.wdm.WebDriverManager - Using chromedriver 106.0.5249.61 (resolved driver for Chrome 106)
22:31:36.409 [main] DEBUG io.github.bonigarcia.wdm.WebDriverManager - Driver chromedriver 106.0.5249.61 found in cache
22:31:36.410 [main] INFO io.github.bonigarcia.wdm.WebDriverManager - Exporting webdriver.chrome.driver as C:\Users\Yusuf Efendi\.cache\selenium\chromedriver\win32\106.0.5249.61\chromedriver.exe
22:31:36.497 [main] DEBUG net.serenitybdd.core.webdriver.driverproviders.ProvideNewDriver - Instantiating driver
22:31:36.497 [main] DEBUG net.serenitybdd.core.webdriver.driverproviders.ProvideNewDriver - Driver capabilities: Capabilities {acceptInsecureCerts: false, base.url: https://www.saucedemo.com, browserName: chrome, chrome.driver: src/test/resources/webdrive..., driver: chrome, goog:chromeOptions: {args: [], extensions: []}}
22:31:36.553 [AsyncHttpClient-1-5] DEBUG org.asynchttpclient.netty.channel.NettyConnectListener - Using new Channel '[id: 0xa50451cc, L:/127.0.0.1:64681 - R:localhost/127.0.0.1:55165]' for 'POST' to '/session'
22:31:37.135 [AsyncHttpClient-1-5] DEBUG org.asynchttpclient.netty.handler.HttpHandler - 

Request DefaultHttpRequest(decodeResult: success, version: HTTP/1.1)
POST /session HTTP/1.1
User-Agent: selenium/4.1.2 (java windows)
Content-Length: 606
Content-Type: application/json; charset=utf-8
host: localhost:55165
accept: */*

Response DefaultHttpResponse(decodeResult: success, version: HTTP/1.1)
HTTP/1.1 200 OK
Content-Type: application/json; charset=utf-8
cache-control: no-cache
content-length: 794

22:31:37.135 [AsyncHttpClient-1-5] DEBUG org.asynchttpclient.netty.channel.ChannelManager - Adding key: http://localhost:55165 for channel [id: 0xa50451cc, L:/127.0.0.1:64681 - R:localhost/127.0.0.1:55165]
22:31:37.145 [AsyncHttpClient-1-6] DEBUG org.asynchttpclient.netty.channel.NettyConnectListener - Using new Channel '[id: 0xa36aac16, L:/127.0.0.1:64688 - R:localhost/127.0.0.1:64682]' for 'GET' to '/json/version'
22:31:37.155 [AsyncHttpClient-1-6] DEBUG org.asynchttpclient.netty.handler.HttpHandler - 

Request DefaultFullHttpRequest(decodeResult: success, version: HTTP/1.1, content: EmptyByteBufBE)
GET /json/version HTTP/1.1
User-Agent: selenium/4.1.2 (java windows)
host: localhost:64682
accept: */*

Response DefaultHttpResponse(decodeResult: success, version: HTTP/1.1)
HTTP/1.1 200 OK
Content-Type: application/json; charset=UTF-8
content-length: 424

22:31:37.155 [AsyncHttpClient-1-6] DEBUG org.asynchttpclient.netty.channel.ChannelManager - Adding key: http://localhost:64682 for channel [id: 0xa36aac16, L:/127.0.0.1:64688 - R:localhost/127.0.0.1:64682]
22:31:37.158 [AsyncHttpClient-1-7] DEBUG org.asynchttpclient.netty.channel.NettyConnectListener - Using new Channel '[id: 0x5fd9aa6e, L:/127.0.0.1:64689 - R:localhost/127.0.0.1:64682]' for 'GET' to '/devtools/browser/ad216a11-0057-4ea3-97cf-0be265208ad4'
22:31:37.164 [AsyncHttpClient-1-7] DEBUG org.asynchttpclient.netty.handler.WebSocketHandler - 

Request DefaultFullHttpRequest(decodeResult: success, version: HTTP/1.1, content: EmptyByteBufBE)
GET /devtools/browser/ad216a11-0057-4ea3-97cf-0be265208ad4 HTTP/1.1
upgrade: websocket
connection: upgrade
sec-websocket-key: 2UKvn2RgWakUlyt2CSymvQ==
sec-websocket-version: 13
origin: http://localhost:64682
host: localhost:64682
accept: */*
user-agent: AHC/2.1

Response DefaultHttpResponse(decodeResult: success, version: HTTP/1.1)
HTTP/1.1 101 WebSocket Protocol Handshake
Upgrade: WebSocket
Connection: Upgrade
Sec-WebSocket-Accept: +Rh/E4ULdsz72qMQ3lu62E4K5tc=

22:31:37.167 [AsyncHttpClient-1-1] DEBUG org.asynchttpclient.netty.channel.DefaultChannelPool - Entry count for : http://localhost:61582 : 1
22:31:37.167 [AsyncHttpClient-1-1] DEBUG org.asynchttpclient.netty.channel.DefaultChannelPool - Entry count for : http://localhost:55165 : 1
22:31:37.167 [AsyncHttpClient-1-1] DEBUG org.asynchttpclient.netty.channel.DefaultChannelPool - Entry count for : http://localhost:64682 : 1
22:31:37.167 [AsyncHttpClient-1-1] DEBUG org.asynchttpclient.netty.channel.DefaultChannelPool - Entry count for : http://localhost:64661 : 1
22:31:37.167 [AsyncHttpClient-1-1] DEBUG org.asynchttpclient.netty.channel.DefaultChannelPool - Adding Candidate expired Channel [id: 0x34dc9317, L:/127.0.0.1:64660 ! R:localhost/127.0.0.1:61582] isIdleTimeoutExpired=false isRemotelyClosed=true isTtlExpired=false
22:31:37.167 [AsyncHttpClient-1-1] DEBUG org.asynchttpclient.netty.channel.DefaultChannelPool - Closing Idle Channel [id: 0x34dc9317, L:/127.0.0.1:64660 ! R:localhost/127.0.0.1:61582]
22:31:37.168 [AsyncHttpClient-1-1] DEBUG org.asynchttpclient.netty.channel.DefaultChannelPool - Adding Candidate expired Channel [id: 0x5e59bb7c, L:/127.0.0.1:64667 ! R:localhost/127.0.0.1:64661] isIdleTimeoutExpired=false isRemotelyClosed=true isTtlExpired=false
22:31:37.168 [AsyncHttpClient-1-1] DEBUG org.asynchttpclient.netty.channel.DefaultChannelPool - Closing Idle Channel [id: 0x5e59bb7c, L:/127.0.0.1:64667 ! R:localhost/127.0.0.1:64661]
22:31:37.169 [AsyncHttpClient-1-1] DEBUG org.asynchttpclient.netty.channel.DefaultChannelPool - Closed 2 connections out of 4 in 2 ms
22:31:37.173 [Forwarding get on session 3aefe83d38bfc0beb0438deb467360d2 to remote] DEBUG org.asynchttpclient.netty.request.NettyRequestSender - Using pooled Channel '[id: 0xa50451cc, L:/127.0.0.1:64681 - R:localhost/127.0.0.1:55165]' for 'POST' to 'http://localhost:55165/session/3aefe83d38bfc0beb0438deb467360d2/url'
22:31:37.173 [Forwarding get on session 3aefe83d38bfc0beb0438deb467360d2 to remote] DEBUG org.asynchttpclient.netty.request.NettyRequestSender - Using open Channel [id: 0xa50451cc, L:/127.0.0.1:64681 - R:localhost/127.0.0.1:55165] for POST '/session/3aefe83d38bfc0beb0438deb467360d2/url'
22:31:38.268 [AsyncHttpClient-1-1] DEBUG org.asynchttpclient.netty.channel.DefaultChannelPool - Entry count for : http://localhost:64682 : 1
22:31:39.370 [AsyncHttpClient-1-1] DEBUG org.asynchttpclient.netty.channel.DefaultChannelPool - Entry count for : http://localhost:64682 : 1
22:31:40.467 [AsyncHttpClient-1-1] DEBUG org.asynchttpclient.netty.channel.DefaultChannelPool - Entry count for : http://localhost:64682 : 1
22:31:41.407 [AsyncHttpClient-1-5] DEBUG org.asynchttpclient.netty.handler.HttpHandler - 

Request DefaultHttpRequest(decodeResult: success, version: HTTP/1.1)
POST /session/3aefe83d38bfc0beb0438deb467360d2/url HTTP/1.1
User-Agent: selenium/4.1.2 (java windows)
Content-Length: 56
Content-Type: application/json; charset=utf-8
host: localhost:55165
accept: */*

Response DefaultHttpResponse(decodeResult: success, version: HTTP/1.1)
HTTP/1.1 200 OK
Content-Type: application/json; charset=utf-8
cache-control: no-cache
content-length: 14

22:31:41.408 [AsyncHttpClient-1-5] DEBUG org.asynchttpclient.netty.channel.ChannelManager - Adding key: http://localhost:55165 for channel [id: 0xa50451cc, L:/127.0.0.1:64681 - R:localhost/127.0.0.1:55165]
22:31:41.411 [Forwarding setTimeout on session 3aefe83d38bfc0beb0438deb467360d2 to remote] DEBUG org.asynchttpclient.netty.request.NettyRequestSender - Using pooled Channel '[id: 0xa50451cc, L:/127.0.0.1:64681 - R:localhost/127.0.0.1:55165]' for 'POST' to 'http://localhost:55165/session/3aefe83d38bfc0beb0438deb467360d2/timeouts'
22:31:41.411 [Forwarding setTimeout on session 3aefe83d38bfc0beb0438deb467360d2 to remote] DEBUG org.asynchttpclient.netty.request.NettyRequestSender - Using open Channel [id: 0xa50451cc, L:/127.0.0.1:64681 - R:localhost/127.0.0.1:55165] for POST '/session/3aefe83d38bfc0beb0438deb467360d2/timeouts'
22:31:41.413 [AsyncHttpClient-1-5] DEBUG org.asynchttpclient.netty.handler.HttpHandler - 

Request DefaultHttpRequest(decodeResult: success, version: HTTP/1.1)
POST /session/3aefe83d38bfc0beb0438deb467360d2/timeouts HTTP/1.1
User-Agent: selenium/4.1.2 (java windows)
Content-Length: 22
Content-Type: application/json; charset=utf-8
host: localhost:55165
accept: */*

Response DefaultHttpResponse(decodeResult: success, version: HTTP/1.1)
HTTP/1.1 200 OK
Content-Type: application/json; charset=utf-8
cache-control: no-cache
content-length: 14

22:31:41.414 [AsyncHttpClient-1-5] DEBUG org.asynchttpclient.netty.channel.ChannelManager - Adding key: http://localhost:55165 for channel [id: 0xa50451cc, L:/127.0.0.1:64681 - R:localhost/127.0.0.1:55165]
22:31:41.417 [Forwarding getCurrentUrl on session 3aefe83d38bfc0beb0438deb467360d2 to remote] DEBUG org.asynchttpclient.netty.request.NettyRequestSender - Using pooled Channel '[id: 0xa50451cc, L:/127.0.0.1:64681 - R:localhost/127.0.0.1:55165]' for 'GET' to 'http://localhost:55165/session/3aefe83d38bfc0beb0438deb467360d2/url'
22:31:41.417 [Forwarding getCurrentUrl on session 3aefe83d38bfc0beb0438deb467360d2 to remote] DEBUG org.asynchttpclient.netty.request.NettyRequestSender - Using open Channel [id: 0xa50451cc, L:/127.0.0.1:64681 - R:localhost/127.0.0.1:55165] for GET '/session/3aefe83d38bfc0beb0438deb467360d2/url'
22:31:41.424 [AsyncHttpClient-1-5] DEBUG org.asynchttpclient.netty.handler.HttpHandler - 

Request DefaultFullHttpRequest(decodeResult: success, version: HTTP/1.1, content: EmptyByteBufBE)
GET /session/3aefe83d38bfc0beb0438deb467360d2/url HTTP/1.1
User-Agent: selenium/4.1.2 (java windows)
Cache-Control: no-cache
Content-Type: application/json; charset=utf-8
host: localhost:55165
accept: */*

Response DefaultHttpResponse(decodeResult: success, version: HTTP/1.1)
HTTP/1.1 200 OK
Content-Type: application/json; charset=utf-8
cache-control: no-cache
content-length: 38

22:31:41.424 [AsyncHttpClient-1-5] DEBUG org.asynchttpclient.netty.channel.ChannelManager - Adding key: http://localhost:55165 for channel [id: 0xa50451cc, L:/127.0.0.1:64681 - R:localhost/127.0.0.1:55165]
  &amp#27;[32mGiven &amp#27;[0m&amp#27;[32mI am on the login page&amp#27;[0m     &amp#27;[90m# starter.stepdefinitions.LoginStep.iAmOnTheLoginPage()&amp#27;[0m
22:31:41.430 [Forwarding screenshot on session 3aefe83d38bfc0beb0438deb467360d2 to remote] DEBUG org.asynchttpclient.netty.request.NettyRequestSender - Using pooled Channel '[id: 0xa50451cc, L:/127.0.0.1:64681 - R:localhost/127.0.0.1:55165]' for 'GET' to 'http://localhost:55165/session/3aefe83d38bfc0beb0438deb467360d2/screenshot'
22:31:41.430 [Forwarding screenshot on session 3aefe83d38bfc0beb0438deb467360d2 to remote] DEBUG org.asynchttpclient.netty.request.NettyRequestSender - Using open Channel [id: 0xa50451cc, L:/127.0.0.1:64681 - R:localhost/127.0.0.1:55165] for GET '/session/3aefe83d38bfc0beb0438deb467360d2/screenshot'
22:31:41.536 [AsyncHttpClient-1-5] DEBUG org.asynchttpclient.netty.handler.HttpHandler - 

Request DefaultFullHttpRequest(decodeResult: success, version: HTTP/1.1, content: EmptyByteBufBE)
GET /session/3aefe83d38bfc0beb0438deb467360d2/screenshot HTTP/1.1
User-Agent: selenium/4.1.2 (java windows)
Cache-Control: no-cache
Content-Type: application/json; charset=utf-8
host: localhost:55165
accept: */*

Response DefaultHttpResponse(decodeResult: success, version: HTTP/1.1)
HTTP/1.1 200 OK
Content-Type: application/json; charset=utf-8
cache-control: no-cache
content-length: 59108

22:31:41.537 [AsyncHttpClient-1-5] DEBUG org.asynchttpclient.netty.channel.ChannelManager - Adding key: http://localhost:55165 for channel [id: 0xa50451cc, L:/127.0.0.1:64681 - R:localhost/127.0.0.1:55165]
22:31:41.540 [main] DEBUG net.serenitybdd.core.photography.Darkroom - Send negative for processing for target\site\serenity\60362de9e780372f1c84cd83ed64add38b67cf4976565ecabf7f97e9ce02f7fb.png
22:31:41.547 [Forwarding findElement on session 3aefe83d38bfc0beb0438deb467360d2 to remote] DEBUG org.asynchttpclient.netty.request.NettyRequestSender - Using pooled Channel '[id: 0xa50451cc, L:/127.0.0.1:64681 - R:localhost/127.0.0.1:55165]' for 'POST' to 'http://localhost:55165/session/3aefe83d38bfc0beb0438deb467360d2/element'
22:31:41.547 [Forwarding findElement on session 3aefe83d38bfc0beb0438deb467360d2 to remote] DEBUG org.asynchttpclient.netty.request.NettyRequestSender - Using open Channel [id: 0xa50451cc, L:/127.0.0.1:64681 - R:localhost/127.0.0.1:55165] for POST '/session/3aefe83d38bfc0beb0438deb467360d2/element'
22:31:41.557 [AsyncHttpClient-1-5] DEBUG org.asynchttpclient.netty.handler.HttpHandler - 

Request DefaultHttpRequest(decodeResult: success, version: HTTP/1.1)
POST /session/3aefe83d38bfc0beb0438deb467360d2/element HTTP/1.1
User-Agent: selenium/4.1.2 (java windows)
Content-Length: 56
Content-Type: application/json; charset=utf-8
host: localhost:55165
accept: */*

Response DefaultHttpResponse(decodeResult: success, version: HTTP/1.1)
HTTP/1.1 200 OK
Content-Type: application/json; charset=utf-8
cache-control: no-cache
content-length: 88

22:31:41.557 [AsyncHttpClient-1-5] DEBUG org.asynchttpclient.netty.channel.ChannelManager - Adding key: http://localhost:55165 for channel [id: 0xa50451cc, L:/127.0.0.1:64681 - R:localhost/127.0.0.1:55165]
22:31:41.559 [Forwarding clearElement on session 3aefe83d38bfc0beb0438deb467360d2 to remote] DEBUG org.asynchttpclient.netty.request.NettyRequestSender - Using pooled Channel '[id: 0xa50451cc, L:/127.0.0.1:64681 - R:localhost/127.0.0.1:55165]' for 'POST' to 'http://localhost:55165/session/3aefe83d38bfc0beb0438deb467360d2/element/2354eed3-09e2-4d8a-8ddc-bfefb751ee1f/clear'
22:31:41.559 [Forwarding clearElement on session 3aefe83d38bfc0beb0438deb467360d2 to remote] DEBUG org.asynchttpclient.netty.request.NettyRequestSender - Using open Channel [id: 0xa50451cc, L:/127.0.0.1:64681 - R:localhost/127.0.0.1:55165] for POST '/session/3aefe83d38bfc0beb0438deb467360d2/element/2354eed3-09e2-4d8a-8ddc-bfefb751ee1f/clear'
22:31:41.567 [AsyncHttpClient-1-1] DEBUG org.asynchttpclient.netty.channel.DefaultChannelPool - Entry count for : http://localhost:64682 : 1
22:31:41.587 [AsyncHttpClient-1-5] DEBUG org.asynchttpclient.netty.handler.HttpHandler - 

Request DefaultHttpRequest(decodeResult: success, version: HTTP/1.1)
POST /session/3aefe83d38bfc0beb0438deb467360d2/element/2354eed3-09e2-4d8a-8ddc-bfefb751ee1f/clear HTTP/1.1
User-Agent: selenium/4.1.2 (java windows)
Content-Length: 50
Content-Type: application/json; charset=utf-8
host: localhost:55165
accept: */*

Response DefaultHttpResponse(decodeResult: success, version: HTTP/1.1)
HTTP/1.1 200 OK
Content-Type: application/json; charset=utf-8
cache-control: no-cache
content-length: 14

22:31:41.587 [AsyncHttpClient-1-5] DEBUG org.asynchttpclient.netty.channel.ChannelManager - Adding key: http://localhost:55165 for channel [id: 0xa50451cc, L:/127.0.0.1:64681 - R:localhost/127.0.0.1:55165]
22:31:41.589 [Forwarding sendKeysToElement on session 3aefe83d38bfc0beb0438deb467360d2 to remote] DEBUG org.asynchttpclient.netty.request.NettyRequestSender - Using pooled Channel '[id: 0xa50451cc, L:/127.0.0.1:64681 - R:localhost/127.0.0.1:55165]' for 'POST' to 'http://localhost:55165/session/3aefe83d38bfc0beb0438deb467360d2/element/2354eed3-09e2-4d8a-8ddc-bfefb751ee1f/value'
22:31:41.589 [Forwarding sendKeysToElement on session 3aefe83d38bfc0beb0438deb467360d2 to remote] DEBUG org.asynchttpclient.netty.request.NettyRequestSender - Using open Channel [id: 0xa50451cc, L:/127.0.0.1:64681 - R:localhost/127.0.0.1:55165] for POST '/session/3aefe83d38bfc0beb0438deb467360d2/element/2354eed3-09e2-4d8a-8ddc-bfefb751ee1f/value'
22:31:41.641 [AsyncHttpClient-1-5] DEBUG org.asynchttpclient.netty.handler.HttpHandler - 

Request DefaultHttpRequest(decodeResult: success, version: HTTP/1.1)
POST /session/3aefe83d38bfc0beb0438deb467360d2/element/2354eed3-09e2-4d8a-8ddc-bfefb751ee1f/value HTTP/1.1
User-Agent: selenium/4.1.2 (java windows)
Content-Length: 211
Content-Type: application/json; charset=utf-8
host: localhost:55165
accept: */*

Response DefaultHttpResponse(decodeResult: success, version: HTTP/1.1)
HTTP/1.1 200 OK
Content-Type: application/json; charset=utf-8
cache-control: no-cache
content-length: 14

22:31:41.641 [AsyncHttpClient-1-5] DEBUG org.asynchttpclient.netty.channel.ChannelManager - Adding key: http://localhost:55165 for channel [id: 0xa50451cc, L:/127.0.0.1:64681 - R:localhost/127.0.0.1:55165]
  &amp#27;[32mWhen &amp#27;[0m&amp#27;[32mI input standard username&amp#27;[0m   &amp#27;[90m# starter.stepdefinitions.LoginStep.iInputStandardUsername()&amp#27;[0m
22:31:41.647 [Forwarding screenshot on session 3aefe83d38bfc0beb0438deb467360d2 to remote] DEBUG org.asynchttpclient.netty.request.NettyRequestSender - Using pooled Channel '[id: 0xa50451cc, L:/127.0.0.1:64681 - R:localhost/127.0.0.1:55165]' for 'GET' to 'http://localhost:55165/session/3aefe83d38bfc0beb0438deb467360d2/screenshot'
22:31:41.647 [Forwarding screenshot on session 3aefe83d38bfc0beb0438deb467360d2 to remote] DEBUG org.asynchttpclient.netty.request.NettyRequestSender - Using open Channel [id: 0xa50451cc, L:/127.0.0.1:64681 - R:localhost/127.0.0.1:55165] for GET '/session/3aefe83d38bfc0beb0438deb467360d2/screenshot'
22:31:41.752 [AsyncHttpClient-1-5] DEBUG org.asynchttpclient.netty.handler.HttpHandler - 

Request DefaultFullHttpRequest(decodeResult: success, version: HTTP/1.1, content: EmptyByteBufBE)
GET /session/3aefe83d38bfc0beb0438deb467360d2/screenshot HTTP/1.1
User-Agent: selenium/4.1.2 (java windows)
Cache-Control: no-cache
Content-Type: application/json; charset=utf-8
host: localhost:55165
accept: */*

Response DefaultHttpResponse(decodeResult: success, version: HTTP/1.1)
HTTP/1.1 200 OK
Content-Type: application/json; charset=utf-8
cache-control: no-cache
content-length: 59688

[...]
22:32:03.417 [Forwarding getElementTagName on session c8bd8390acd2330d88d0675408ac46e7 to remote] DEBUG org.asynchttpclient.netty.request.NettyRequestSender - Using open Channel [id: 0x05a2ba2b, L:/127.0.0.1:64748 - R:localhost/127.0.0.1:63512] for GET '/session/c8bd8390acd2330d88d0675408ac46e7/element/e8485139-97d2-4589-a2af-2354692ae8da/name'
22:32:03.422 [AsyncHttpClient-1-14] DEBUG org.asynchttpclient.netty.handler.HttpHandler - 

Request DefaultFullHttpRequest(decodeResult: success, version: HTTP/1.1, content: EmptyByteBufBE)
GET /session/c8bd8390acd2330d88d0675408ac46e7/element/e8485139-97d2-4589-a2af-2354692ae8da/name HTTP/1.1
User-Agent: selenium/4.1.2 (java windows)
Cache-Control: no-cache
Content-Type: application/json; charset=utf-8
host: localhost:63512
accept: */*

Response DefaultHttpResponse(decodeResult: success, version: HTTP/1.1)
HTTP/1.1 200 OK
Content-Type: application/json; charset=utf-8
cache-control: no-cache
content-length: 17

22:32:03.422 [AsyncHttpClient-1-14] DEBUG org.asynchttpclient.netty.channel.ChannelManager - Adding key: http://localhost:63512 for channel [id: 0x05a2ba2b, L:/127.0.0.1:64748 - R:localhost/127.0.0.1:63512]
22:32:03.423 [Forwarding getElementTagName on session c8bd8390acd2330d88d0675408ac46e7 to remote] DEBUG org.asynchttpclient.netty.request.NettyRequestSender - Using pooled Channel '[id: 0x05a2ba2b, L:/127.0.0.1:64748 - R:localhost/127.0.0.1:63512]' for 'GET' to 'http://localhost:63512/session/c8bd8390acd2330d88d0675408ac46e7/element/e8485139-97d2-4589-a2af-2354692ae8da/name'
22:32:03.423 [Forwarding getElementTagName on session c8bd8390acd2330d88d0675408ac46e7 to remote] DEBUG org.asynchttpclient.netty.request.NettyRequestSender - Using open Channel [id: 0x05a2ba2b, L:/127.0.0.1:64748 - R:localhost/127.0.0.1:63512] for GET '/session/c8bd8390acd2330d88d0675408ac46e7/element/e8485139-97d2-4589-a2af-2354692ae8da/name'
22:32:03.427 [AsyncHttpClient-1-14] DEBUG org.asynchttpclient.netty.handler.HttpHandler - 

Request DefaultFullHttpRequest(decodeResult: success, version: HTTP/1.1, content: EmptyByteBufBE)
GET /session/c8bd8390acd2330d88d0675408ac46e7/element/e8485139-97d2-4589-a2af-2354692ae8da/name HTTP/1.1
User-Agent: selenium/4.1.2 (java windows)
Cache-Control: no-cache
Content-Type: application/json; charset=utf-8
host: localhost:63512
accept: */*

Response DefaultHttpResponse(decodeResult: success, version: HTTP/1.1)
HTTP/1.1 200 OK
Content-Type: application/json; charset=utf-8
cache-control: no-cache
content-length: 17

22:32:03.427 [AsyncHttpClient-1-14] DEBUG org.asynchttpclient.netty.channel.ChannelManager - Adding key: http://localhost:63512 for channel [id: 0x05a2ba2b, L:/127.0.0.1:64748 - R:localhost/127.0.0.1:63512]
22:32:03.429 [Forwarding isElementEnabled on session c8bd8390acd2330d88d0675408ac46e7 to remote] DEBUG org.asynchttpclient.netty.request.NettyRequestSender - Using pooled Channel '[id: 0x05a2ba2b, L:/127.0.0.1:64748 - R:localhost/127.0.0.1:63512]' for 'GET' to 'http://localhost:63512/session/c8bd8390acd2330d88d0675408ac46e7/element/e8485139-97d2-4589-a2af-2354692ae8da/enabled'
22:32:03.429 [Forwarding isElementEnabled on session c8bd8390acd2330d88d0675408ac46e7 to remote] DEBUG org.asynchttpclient.netty.request.NettyRequestSender - Using open Channel [id: 0x05a2ba2b, L:/127.0.0.1:64748 - R:localhost/127.0.0.1:63512] for GET '/session/c8bd8390acd2330d88d0675408ac46e7/element/e8485139-97d2-4589-a2af-2354692ae8da/enabled'
22:32:03.437 [AsyncHttpClient-1-14] DEBUG org.asynchttpclient.netty.handler.HttpHandler - 

Request DefaultFullHttpRequest(decodeResult: success, version: HTTP/1.1, content: EmptyByteBufBE)
GET /session/c8bd8390acd2330d88d0675408ac46e7/element/e8485139-97d2-4589-a2af-2354692ae8da/enabled HTTP/1.1
User-Agent: selenium/4.1.2 (java windows)
Cache-Control: no-cache
Content-Type: application/json; charset=utf-8
host: localhost:63512
accept: */*

Response DefaultHttpResponse(decodeResult: success, version: HTTP/1.1)
HTTP/1.1 200 OK
Content-Type: application/json; charset=utf-8
cache-control: no-cache
content-length: 14

22:32:03.438 [AsyncHttpClient-1-14] DEBUG org.asynchttpclient.netty.channel.ChannelManager - Adding key: http://localhost:63512 for channel [id: 0x05a2ba2b, L:/127.0.0.1:64748 - R:localhost/127.0.0.1:63512]
22:32:03.439 [Forwarding isElementEnabled on session c8bd8390acd2330d88d0675408ac46e7 to remote] DEBUG org.asynchttpclient.netty.request.NettyRequestSender - Using pooled Channel '[id: 0x05a2ba2b, L:/127.0.0.1:64748 - R:localhost/127.0.0.1:63512]' for 'GET' to 'http://localhost:63512/session/c8bd8390acd2330d88d0675408ac46e7/element/e8485139-97d2-4589-a2af-2354692ae8da/enabled'
22:32:03.439 [Forwarding isElementEnabled on session c8bd8390acd2330d88d0675408ac46e7 to remote] DEBUG org.asynchttpclient.netty.request.NettyRequestSender - Using open Channel [id: 0x05a2ba2b, L:/127.0.0.1:64748 - R:localhost/127.0.0.1:63512] for GET '/session/c8bd8390acd2330d88d0675408ac46e7/element/e8485139-97d2-4589-a2af-2354692ae8da/enabled'
22:32:03.445 [AsyncHttpClient-1-14] DEBUG org.asynchttpclient.netty.handler.HttpHandler - 

Request DefaultFullHttpRequest(decodeResult: success, version: HTTP/1.1, content: EmptyByteBufBE)
GET /session/c8bd8390acd2330d88d0675408ac46e7/element/e8485139-97d2-4589-a2af-2354692ae8da/enabled HTTP/1.1
User-Agent: selenium/4.1.2 (java windows)
Cache-Control: no-cache
Content-Type: application/json; charset=utf-8
host: localhost:63512
accept: */*

Response DefaultHttpResponse(decodeResult: success, version: HTTP/1.1)
HTTP/1.1 200 OK
Content-Type: application/json; charset=utf-8
cache-control: no-cache
content-length: 14

22:32:03.445 [AsyncHttpClient-1-14] DEBUG org.asynchttpclient.netty.channel.ChannelManager - Adding key: http://localhost:63512 for channel [id: 0x05a2ba2b, L:/127.0.0.1:64748 - R:localhost/127.0.0.1:63512]
22:32:03.447 [Forwarding findElement on session c8bd8390acd2330d88d0675408ac46e7 to remote] DEBUG org.asynchttpclient.netty.request.NettyRequestSender - Using pooled Channel '[id: 0x05a2ba2b, L:/127.0.0.1:64748 - R:localhost/127.0.0.1:63512]' for 'POST' to 'http://localhost:63512/session/c8bd8390acd2330d88d0675408ac46e7/element'
22:32:03.447 [Forwarding findElement on session c8bd8390acd2330d88d0675408ac46e7 to remote] DEBUG org.asynchttpclient.netty.request.NettyRequestSender - Using open Channel [id: 0x05a2ba2b, L:/127.0.0.1:64748 - R:localhost/127.0.0.1:63512] for POST '/session/c8bd8390acd2330d88d0675408ac46e7/element'
22:32:03.452 [AsyncHttpClient-1-14] DEBUG org.asynchttpclient.netty.handler.HttpHandler - 

Request DefaultHttpRequest(decodeResult: success, version: HTTP/1.1)
POST /session/c8bd8390acd2330d88d0675408ac46e7/element HTTP/1.1
User-Agent: selenium/4.1.2 (java windows)
Content-Length: 59
Content-Type: application/json; charset=utf-8
host: localhost:63512
accept: */*

Response DefaultHttpResponse(decodeResult: success, version: HTTP/1.1)
HTTP/1.1 200 OK
Content-Type: application/json; charset=utf-8
cache-control: no-cache
content-length: 88

22:32:03.452 [AsyncHttpClient-1-14] DEBUG org.asynchttpclient.netty.channel.ChannelManager - Adding key: http://localhost:63512 for channel [id: 0x05a2ba2b, L:/127.0.0.1:64748 - R:localhost/127.0.0.1:63512]
22:32:03.453 [Forwarding clickElement on session c8bd8390acd2330d88d0675408ac46e7 to remote] DEBUG org.asynchttpclient.netty.request.NettyRequestSender - Using pooled Channel '[id: 0x05a2ba2b, L:/127.0.0.1:64748 - R:localhost/127.0.0.1:63512]' for 'POST' to 'http://localhost:63512/session/c8bd8390acd2330d88d0675408ac46e7/element/e8485139-97d2-4589-a2af-2354692ae8da/click'
22:32:03.453 [Forwarding clickElement on session c8bd8390acd2330d88d0675408ac46e7 to remote] DEBUG org.asynchttpclient.netty.request.NettyRequestSender - Using open Channel [id: 0x05a2ba2b, L:/127.0.0.1:64748 - R:localhost/127.0.0.1:63512] for POST '/session/c8bd8390acd2330d88d0675408ac46e7/element/e8485139-97d2-4589-a2af-2354692ae8da/click'
22:32:03.499 [AsyncHttpClient-1-14] DEBUG org.asynchttpclient.netty.handler.HttpHandler - 

Request DefaultHttpRequest(decodeResult: success, version: HTTP/1.1)
POST /session/c8bd8390acd2330d88d0675408ac46e7/element/e8485139-97d2-4589-a2af-2354692ae8da/click HTTP/1.1
User-Agent: selenium/4.1.2 (java windows)
Content-Length: 50
Content-Type: application/json; charset=utf-8
host: localhost:63512
accept: */*

Response DefaultHttpResponse(decodeResult: success, version: HTTP/1.1)
HTTP/1.1 200 OK
Content-Type: application/json; charset=utf-8
cache-control: no-cache
content-length: 14

22:32:03.499 [AsyncHttpClient-1-14] DEBUG org.asynchttpclient.netty.channel.ChannelManager - Adding key: http://localhost:63512 for channel [id: 0x05a2ba2b, L:/127.0.0.1:64748 - R:localhost/127.0.0.1:63512]
  &amp#27;[32mAnd &amp#27;[0m&amp#27;[32mI click login button&amp#27;[0m                      &amp#27;[90m# starter.stepdefinitions.LoginStep.iClickLoginButton()&amp#27;[0m
22:32:03.505 [Forwarding screenshot on session c8bd8390acd2330d88d0675408ac46e7 to remote] DEBUG org.asynchttpclient.netty.request.NettyRequestSender - Using pooled Channel '[id: 0x05a2ba2b, L:/127.0.0.1:64748 - R:localhost/127.0.0.1:63512]' for 'GET' to 'http://localhost:63512/session/c8bd8390acd2330d88d0675408ac46e7/screenshot'
22:32:03.505 [Forwarding screenshot on session c8bd8390acd2330d88d0675408ac46e7 to remote] DEBUG org.asynchttpclient.netty.request.NettyRequestSender - Using open Channel [id: 0x05a2ba2b, L:/127.0.0.1:64748 - R:localhost/127.0.0.1:63512] for GET '/session/c8bd8390acd2330d88d0675408ac46e7/screenshot'
22:32:03.567 [AsyncHttpClient-1-1] DEBUG org.asynchttpclient.netty.channel.DefaultChannelPool - Entry count for : http://localhost:64749 : 1
22:32:03.609 [AsyncHttpClient-1-14] DEBUG org.asynchttpclient.netty.handler.HttpHandler - 

Request DefaultFullHttpRequest(decodeResult: success, version: HTTP/1.1, content: EmptyByteBufBE)
GET /session/c8bd8390acd2330d88d0675408ac46e7/screenshot HTTP/1.1
User-Agent: selenium/4.1.2 (java windows)
Cache-Control: no-cache
Content-Type: application/json; charset=utf-8
host: localhost:63512
accept: */*

Response DefaultHttpResponse(decodeResult: success, version: HTTP/1.1)
HTTP/1.1 200 OK
Content-Type: application/json; charset=utf-8
cache-control: no-cache
content-length: 63760

22:32:03.610 [AsyncHttpClient-1-14] DEBUG org.asynchttpclient.netty.channel.ChannelManager - Adding key: http://localhost:63512 for channel [id: 0x05a2ba2b, L:/127.0.0.1:64748 - R:localhost/127.0.0.1:63512]
22:32:03.612 [main] DEBUG net.serenitybdd.core.photography.Darkroom - Send negative for processing for target\site\serenity\1b762270da2dcea255e7dd74b6c293d17e4e38596127bc546996dc41308f0586.png
22:32:03.612 [Darkroom Processing Line] DEBUG net.serenitybdd.core.photography.DarkroomProcessingLine - Processing screenshot image in /var/screenshots/screenshot-495996732408958023
22:32:03.612 [Darkroom Processing Line] DEBUG net.serenitybdd.core.photography.DarkroomProcessingLine - Saving screenshot to target\site\serenity\1b762270da2dcea255e7dd74b6c293d17e4e38596127bc546996dc41308f0586.png
22:32:03.616 [Forwarding findElement on session c8bd8390acd2330d88d0675408ac46e7 to remote] DEBUG org.asynchttpclient.netty.request.NettyRequestSender - Using pooled Channel '[id: 0x05a2ba2b, L:/127.0.0.1:64748 - R:localhost/127.0.0.1:63512]' for 'POST' to 'http://localhost:63512/session/c8bd8390acd2330d88d0675408ac46e7/element'
22:32:03.616 [Forwarding findElement on session c8bd8390acd2330d88d0675408ac46e7 to remote] DEBUG org.asynchttpclient.netty.request.NettyRequestSender - Using open Channel [id: 0x05a2ba2b, L:/127.0.0.1:64748 - R:localhost/127.0.0.1:63512] for POST '/session/c8bd8390acd2330d88d0675408ac46e7/element'
22:32:03.626 [AsyncHttpClient-1-14] DEBUG org.asynchttpclient.netty.handler.HttpHandler - 

Request DefaultHttpRequest(decodeResult: success, version: HTTP/1.1)
POST /session/c8bd8390acd2330d88d0675408ac46e7/element HTTP/1.1
User-Agent: selenium/4.1.2 (java windows)
Content-Length: 51
Content-Type: application/json; charset=utf-8
host: localhost:63512
accept: */*

Response DefaultHttpResponse(decodeResult: success, version: HTTP/1.1)
HTTP/1.1 200 OK
Content-Type: application/json; charset=utf-8
cache-control: no-cache
content-length: 88

22:32:03.626 [AsyncHttpClient-1-14] DEBUG org.asynchttpclient.netty.channel.ChannelManager - Adding key: http://localhost:63512 for channel [id: 0x05a2ba2b, L:/127.0.0.1:64748 - R:localhost/127.0.0.1:63512]
22:32:03.628 [Forwarding isElementDisplayed on session c8bd8390acd2330d88d0675408ac46e7 to remote] DEBUG org.asynchttpclient.netty.request.NettyRequestSender - Using pooled Channel '[id: 0x05a2ba2b, L:/127.0.0.1:64748 - R:localhost/127.0.0.1:63512]' for 'POST' to 'http://localhost:63512/session/c8bd8390acd2330d88d0675408ac46e7/execute/sync'
22:32:03.629 [Forwarding isElementDisplayed on session c8bd8390acd2330d88d0675408ac46e7 to remote] DEBUG org.asynchttpclient.netty.request.NettyRequestSender - Using open Channel [id: 0x05a2ba2b, L:/127.0.0.1:64748 - R:localhost/127.0.0.1:63512] for POST '/session/c8bd8390acd2330d88d0675408ac46e7/execute/sync'
22:32:03.641 [AsyncHttpClient-1-14] DEBUG org.asynchttpclient.netty.handler.HttpHandler - 

Request DefaultHttpRequest(decodeResult: success, version: HTTP/1.1)
POST /session/c8bd8390acd2330d88d0675408ac46e7/execute/sync HTTP/1.1
User-Agent: selenium/4.1.2 (java windows)
Content-Length: 48780
Content-Type: application/json; charset=utf-8
host: localhost:63512
accept: */*

Response DefaultHttpResponse(decodeResult: success, version: HTTP/1.1)
HTTP/1.1 200 OK
Content-Type: application/json; charset=utf-8
cache-control: no-cache
content-length: 14

22:32:03.641 [AsyncHttpClient-1-14] DEBUG org.asynchttpclient.netty.channel.ChannelManager - Adding key: http://localhost:63512 for channel [id: 0x05a2ba2b, L:/127.0.0.1:64748 - R:localhost/127.0.0.1:63512]
  &amp#27;[32mThen &amp#27;[0m&amp#27;[32mI will get error message&amp#27;[0m                 &amp#27;[90m# starter.stepdefinitions.LoginStep.iWillGetErrorMessage()&amp#27;[0m
22:32:03.646 [main] INFO  - 
  _____   ___   ___   _____     ___     _     ___   ___   ___   ___  
 |_   _| | __| / __| |_   _|   | _ \   /_\   / __| / __| | __| |   \ 
   | |   | _|  \__ \   | |     |  _/  / _ \  \__ \ \__ \ | _|  | |) |
   |_|   |___| |___/   |_|     |_|   /_/ \_\ |___/ |___/ |___| |___/ 

Login with null username and password
----------------------------------------------------------------------
22:32:03.647 [AsyncHttpClient-1-16] DEBUG org.asynchttpclient.netty.handler.WebSocketHandler - Channel Closed: [id: 0x86ad93b9, L:/127.0.0.1:64756 ! R:localhost/127.0.0.1:64749] with attribute NettyResponseFuture{currentRetry=5,
	isDone=1,
	isCancelled=0,
	asyncHandler=org.asynchttpclient.ws.WebSocketUpgradeHandler@3484c92c,
	nettyRequest=org.asynchttpclient.netty.request.NettyRequest@718641d8,
	future=java.util.concurrent.CompletableFuture@2ab363f6[Completed normally],
	uri=ws://localhost:64749/devtools/browser/c7208740-1904-49f3-9b4d-2ba87d41c696,
	keepAlive=true,
	redirectCount=0,
	timeoutsHolder=null,
	inAuth=0,
	touch=1665675118484}
22:32:03.647 [AsyncHttpClient-1-16] DEBUG org.asynchttpclient.netty.channel.ChannelManager - Closing Channel [id: 0x86ad93b9, L:/127.0.0.1:64756 ! R:localhost/127.0.0.1:64749] 
22:32:03.647 [Driver Command Executor] DEBUG org.asynchttpclient.netty.request.NettyRequestSender - Using pooled Channel '[id: 0x05a2ba2b, L:/127.0.0.1:64748 - R:localhost/127.0.0.1:63512]' for 'DELETE' to 'http://localhost:63512/session/c8bd8390acd2330d88d0675408ac46e7'
22:32:03.648 [Driver Command Executor] DEBUG org.asynchttpclient.netty.request.NettyRequestSender - Using open Channel [id: 0x05a2ba2b, L:/127.0.0.1:64748 - R:localhost/127.0.0.1:63512] for DELETE '/session/c8bd8390acd2330d88d0675408ac46e7'
22:32:03.667 [AsyncHttpClient-1-15] DEBUG org.asynchttpclient.netty.handler.HttpHandler - Unexpected I/O exception on channel [id: 0x5decac74, L:/127.0.0.1:64755 - R:localhost/127.0.0.1:64749]
java.net.SocketException: Connection reset
	at java.base/sun.nio.ch.SocketChannelImpl.throwConnectionReset(SocketChannelImpl.java:401)
	at java.base/sun.nio.ch.SocketChannelImpl.read(SocketChannelImpl.java:434)
	at io.netty.buffer.PooledByteBuf.setBytes(PooledByteBuf.java:258)
	at io.netty.buffer.AbstractByteBuf.writeBytes(AbstractByteBuf.java:1132)
	at io.netty.channel.socket.nio.NioSocketChannel.doReadBytes(NioSocketChannel.java:350)
	at io.netty.channel.nio.AbstractNioByteChannel$NioByteUnsafe.read(AbstractNioByteChannel.java:151)
	at io.netty.channel.nio.NioEventLoop.processSelectedKey(NioEventLoop.java:722)
	at io.netty.channel.nio.NioEventLoop.processSelectedKeysOptimized(NioEventLoop.java:658)
	at io.netty.channel.nio.NioEventLoop.processSelectedKeys(NioEventLoop.java:584)
	at io.netty.channel.nio.NioEventLoop.run(NioEventLoop.java:496)
	at io.netty.util.concurrent.SingleThreadEventExecutor$4.run(SingleThreadEventExecutor.java:986)
	at io.netty.util.internal.ThreadExecutorMap$2.run(ThreadExecutorMap.java:74)
	at io.netty.util.concurrent.FastThreadLocalRunnable.run(FastThreadLocalRunnable.java:30)
	at java.base/java.lang.Thread.run(Thread.java:1589)
22:32:03.668 [AsyncHttpClient-1-15] DEBUG org.asynchttpclient.netty.channel.ChannelManager - Closing Channel [id: 0x5decac74, L:/127.0.0.1:64755 - R:localhost/127.0.0.1:64749] 
22:32:03.668 [AsyncHttpClient-1-15] DEBUG org.asynchttpclient.netty.handler.HttpHandler - Channel Closed: [id: 0x5decac74, L:/127.0.0.1:64755 ! R:localhost/127.0.0.1:64749] with attribute DISCARD
22:32:03.678 [AsyncHttpClient-1-14] DEBUG org.asynchttpclient.netty.handler.HttpHandler - 

Request DefaultFullHttpRequest(decodeResult: success, version: HTTP/1.1, content: EmptyByteBufBE)
DELETE /session/c8bd8390acd2330d88d0675408ac46e7 HTTP/1.1
User-Agent: selenium/4.1.2 (java windows)
Content-Type: application/json; charset=utf-8
host: localhost:63512
accept: */*

Response DefaultHttpResponse(decodeResult: success, version: HTTP/1.1)
HTTP/1.1 200 OK
Content-Type: application/json; charset=utf-8
cache-control: no-cache
content-length: 14

22:32:03.679 [AsyncHttpClient-1-14] DEBUG org.asynchttpclient.netty.channel.ChannelManager - Adding key: http://localhost:63512 for channel [id: 0x05a2ba2b, L:/127.0.0.1:64748 - R:localhost/127.0.0.1:63512]
22:32:03.722 [AsyncHttpClient-1-14] DEBUG org.asynchttpclient.netty.handler.HttpHandler - Channel Closed: [id: 0x05a2ba2b, L:/127.0.0.1:64748 ! R:localhost/127.0.0.1:63512] with attribute DISCARD
]]></system-out>
    <system-err><![CDATA[Starting ChromeDriver 106.0.5249.61 (511755355844955cd3e264779baf0dd38212a4d0-refs/branch-heads/5249@{#569}) on port 63512
Only local connections are allowed.
Please see https://chromedriver.chromium.org/security-considerations for suggestions on keeping ChromeDriver safe.
ChromeDriver was started successfully.
Oct 13, 2022 10:31:58 PM org.openqa.selenium.remote.ProtocolHandshake createSession
INFO: Detected dialect: W3C
Oct 13, 2022 10:31:58 PM org.openqa.selenium.devtools.CdpVersionFinder findNearestMatch
WARNING: Unable to find an exact match for CDP version 106, so returning the closest version found: a no-op implementation
Oct 13, 2022 10:31:58 PM org.openqa.selenium.devtools.CdpVersionFinder findNearestMatch
INFO: Unable to find CDP implementation matching 106.
Oct 13, 2022 10:31:58 PM org.openqa.selenium.chromium.ChromiumDriver lambda$new$3
WARNING: Unable to find version of CDP to use for . You may need to include a dependency on a specific version of the CDP using something similar to `org.seleniumhq.selenium:selenium-devtools-v86:4.1.2` where the version ("v86") matches the version of the chromium-based browser you're using and the version number of the artifact is the same as Selenium's.
]]></system-err>
  </testcase>
</testsuite>