<?xml version="1.0" encoding="UTF-8"?><testsuite errors="0" failures="0" name="Users" skipped="0" tests="9" time="49.77" timestamp="2022-10-20 12:47:12"><testcase name="Get All Users with valid url and id"/><testcase name="Get All Users with valid url and email"/><testcase name="Get All Users with valid url and username"/><testcase name="Get All Users with valid url and phone"/><testcase name="Get All Users with valid url and password"/><testcase name="Get All Users with valid url and city"/><testcase name="Get All Users with valid url and street"/><testcase name="Get All Users with valid url and lastname"/><testcase name="Get All Users with valid url and firstname"/></testsuite>